<?xml version="1.0" encoding="UTF-8"?>
<testsuite name="org.antlr.v4.test.tool.TestIntervalSet" time="0.002" tests="41" errors="0" skipped="0" failures="0">
  <properties>
    <property name="java.runtime.name" value="OpenJDK Runtime Environment"/>
    <property name="java.vm.version" value="13.0.2+8"/>
    <property name="sun.boot.library.path" value="/Library/Java/JavaVirtualMachines/adoptopenjdk-13.jdk/Contents/Home/lib"/>
    <property name="maven.multiModuleProjectDirectory" value="/Users/sbacha/antlr4/antlr4-4.9.0-opt"/>
    <property name="java.vm.vendor" value="AdoptOpenJDK"/>
    <property name="java.vendor.url" value="https://adoptopenjdk.net/"/>
    <property name="path.separator" value=":"/>
    <property name="guice.disable.misplaced.annotation.check" value="true"/>
    <property name="java.vm.name" value="OpenJDK 64-Bit Server VM"/>
    <property name="user.country" value="US"/>
    <property name="sun.java.launcher" value="SUN_STANDARD"/>
    <property name="user.dir" value="/Users/sbacha/antlr4/antlr4-4.9.0-opt"/>
    <property name="java.vm.compressedOopsMode" value="Zero based"/>
    <property name="java.vm.specification.name" value="Java Virtual Machine Specification"/>
    <property name="java.runtime.version" value="13.0.2+8"/>
    <property name="os.arch" value="x86_64"/>
    <property name="java.io.tmpdir" value="/var/folders/yr/jljyn54x2_s965_570vvdpqw0000gn/T/"/>
    <property name="line.separator" value="&#10;"/>
    <property name="java.vm.specification.vendor" value="Oracle Corporation"/>
    <property name="os.name" value="Mac OS X"/>
    <property name="classworlds.conf" value="/usr/local/Cellar/maven/3.6.3_1/libexec/bin/m2.conf"/>
    <property name="sun.jnu.encoding" value="UTF-8"/>
    <property name="java.library.path" value="/Users/sbacha/Library/Java/Extensions:/Library/Java/Extensions:/Network/Library/Java/Extensions:/System/Library/Java/Extensions:/usr/lib/java:."/>
    <property name="maven.conf" value="/usr/local/Cellar/maven/3.6.3_1/libexec/conf"/>
    <property name="jdk.debug" value="release"/>
    <property name="java.class.version" value="57.0"/>
    <property name="java.specification.name" value="Java Platform API Specification"/>
    <property name="sun.management.compiler" value="HotSpot 64-Bit Tiered Compilers"/>
    <property name="os.version" value="10.15.5"/>
    <property name="http.nonProxyHosts" value="local, 169.254/16|*.local, 169.254/16"/>
    <property name="library.jansi.path" value="/usr/local/Cellar/maven/3.6.3_1/libexec/lib/jansi-native"/>
    <property name="user.home" value="/Users/sbacha"/>
    <property name="user.timezone" value="America/Los_Angeles"/>
    <property name="file.encoding" value="UTF-8"/>
    <property name="java.specification.version" value="13"/>
    <property name="user.name" value="sbacha"/>
    <property name="java.class.path" value="/usr/local/Cellar/maven/3.6.3_1/libexec/boot/plexus-classworlds-2.6.0.jar"/>
    <property name="java.vm.specification.version" value="13"/>
    <property name="sun.arch.data.model" value="64"/>
    <property name="sun.java.command" value="org.codehaus.plexus.classworlds.launcher.Launcher clean package"/>
    <property name="java.home" value="/Library/Java/JavaVirtualMachines/adoptopenjdk-13.jdk/Contents/Home"/>
    <property name="user.language" value="en"/>
    <property name="java.specification.vendor" value="Oracle Corporation"/>
    <property name="java.vm.info" value="mixed mode, sharing"/>
    <property name="java.version" value="13.0.2"/>
    <property name="java.vendor" value="AdoptOpenJDK"/>
    <property name="maven.home" value="/usr/local/Cellar/maven/3.6.3_1/libexec"/>
    <property name="file.separator" value="/"/>
    <property name="java.version.date" value="2020-01-14"/>
    <property name="java.vendor.url.bug" value="https://github.com/AdoptOpenJDK/openjdk-support/issues"/>
    <property name="sun.cpu.endian" value="little"/>
    <property name="sun.io.unicode.encoding" value="UnicodeBig"/>
    <property name="sun.font.fontmanager" value="sun.font.CFontManager"/>
    <property name="java.vendor.version" value="AdoptOpenJDK"/>
    <property name="socksNonProxyHosts" value="local, 169.254/16|*.local, 169.254/16"/>
    <property name="ftp.nonProxyHosts" value="local, 169.254/16|*.local, 169.254/16"/>
  </properties>
  <testcase name="testSubtractOfCompletelyCoveredRange" classname="org.antlr.v4.test.tool.TestIntervalSet" time="0"/>
  <testcase name="testMembership" classname="org.antlr.v4.test.tool.TestIntervalSet" time="0"/>
  <testcase name="testSingleElement" classname="org.antlr.v4.test.tool.TestIntervalSet" time="0"/>
  <testcase name="testNotSetFragmentedVocabulary" classname="org.antlr.v4.test.tool.TestIntervalSet" time="0"/>
  <testcase name="testSimpleAnd" classname="org.antlr.v4.test.tool.TestIntervalSet" time="0"/>
  <testcase name="testNotSetEdgeElement" classname="org.antlr.v4.test.tool.TestIntervalSet" time="0"/>
  <testcase name="testMin" classname="org.antlr.v4.test.tool.TestIntervalSet" time="0"/>
  <testcase name="testComplement" classname="org.antlr.v4.test.tool.TestIntervalSet" time="0"/>
  <testcase name="testSize" classname="org.antlr.v4.test.tool.TestIntervalSet" time="0"/>
  <testcase name="testEmptyIntersection" classname="org.antlr.v4.test.tool.TestIntervalSet" time="0"/>
  <testcase name="testSimpleEquals" classname="org.antlr.v4.test.tool.TestIntervalSet" time="0"/>
  <testcase name="testEmptyIntersectionSingleElements" classname="org.antlr.v4.test.tool.TestIntervalSet" time="0"/>
  <testcase name="testMergeOfRangesAndSingleValues" classname="org.antlr.v4.test.tool.TestIntervalSet" time="0"/>
  <testcase name="testIsolatedElements" classname="org.antlr.v4.test.tool.TestIntervalSet" time="0"/>
  <testcase name="testSingleElementMinusDisjointSet" classname="org.antlr.v4.test.tool.TestIntervalSet" time="0"/>
  <testcase name="testComplement2" classname="org.antlr.v4.test.tool.TestIntervalSet" time="0"/>
  <testcase name="testComplement3" classname="org.antlr.v4.test.tool.TestIntervalSet" time="0"/>
  <testcase name="testMixedRangesAndElements" classname="org.antlr.v4.test.tool.TestIntervalSet" time="0"/>
  <testcase name="testMergeWithDoubleOverlap" classname="org.antlr.v4.test.tool.TestIntervalSet" time="0.001"/>
  <testcase name="testNotEqualSet" classname="org.antlr.v4.test.tool.TestIntervalSet" time="0"/>
  <testcase name="testSubtractOfCompletelyContainedRange" classname="org.antlr.v4.test.tool.TestIntervalSet" time="0"/>
  <testcase name="testMergeWhereAdditionMergesThreeExistingIntervals" classname="org.antlr.v4.test.tool.TestIntervalSet" time="0"/>
  <testcase name="testMergeWhereAdditionMergesTwoExistingIntervals" classname="org.antlr.v4.test.tool.TestIntervalSet" time="0"/>
  <testcase name="testRmLeftSide" classname="org.antlr.v4.test.tool.TestIntervalSet" time="0"/>
  <testcase name="testSubtractOfRangeSpanningMultipleRanges" classname="org.antlr.v4.test.tool.TestIntervalSet" time="0"/>
  <testcase name="testNotRIntersectionNotT" classname="org.antlr.v4.test.tool.TestIntervalSet" time="0"/>
  <testcase name="testRmRightSide" classname="org.antlr.v4.test.tool.TestIntervalSet" time="0"/>
  <testcase name="testNotSingleElement" classname="org.antlr.v4.test.tool.TestIntervalSet" time="0"/>
  <testcase name="testIntersectionWithTwoContainedElements" classname="org.antlr.v4.test.tool.TestIntervalSet" time="0"/>
  <testcase name="testSubtractFromSetWithEOF" classname="org.antlr.v4.test.tool.TestIntervalSet" time="0"/>
  <testcase name="testSubtractOfOverlappingRangeFromLeft" classname="org.antlr.v4.test.tool.TestIntervalSet" time="0"/>
  <testcase name="testEquals" classname="org.antlr.v4.test.tool.TestIntervalSet" time="0"/>
  <testcase name="testIntersectionWithTwoContainedElementsReversed" classname="org.antlr.v4.test.tool.TestIntervalSet" time="0"/>
  <testcase name="testNotSet" classname="org.antlr.v4.test.tool.TestIntervalSet" time="0"/>
  <testcase name="testRangeAndIsolatedElement" classname="org.antlr.v4.test.tool.TestIntervalSet" time="0"/>
  <testcase name="testSubtractOfOverlappingRangeFromRight" classname="org.antlr.v4.test.tool.TestIntervalSet" time="0"/>
  <testcase name="testToList" classname="org.antlr.v4.test.tool.TestIntervalSet" time="0.001"/>
  <testcase name="testRmMiddleRange" classname="org.antlr.v4.test.tool.TestIntervalSet" time="0"/>
  <testcase name="testSubtractOfWackyRange" classname="org.antlr.v4.test.tool.TestIntervalSet" time="0"/>
  <testcase name="testRmSingleElement" classname="org.antlr.v4.test.tool.TestIntervalSet" time="0"/>
  <testcase name="testMergeOfRangesAndSingleValuesReverse" classname="org.antlr.v4.test.tool.TestIntervalSet" time="0"/>
</testsuite>