<?xml version="1.0" encoding="UTF-8"?>
<testsuite name="org.antlr.v4.test.tool.TestFullContextParsing" time="0.125" tests="14" errors="0" skipped="0" failures="14">
  <properties>
    <property name="java.runtime.name" value="OpenJDK Runtime Environment"/>
    <property name="java.vm.version" value="13.0.2+8"/>
    <property name="sun.boot.library.path" value="/Library/Java/JavaVirtualMachines/adoptopenjdk-13.jdk/Contents/Home/lib"/>
    <property name="maven.multiModuleProjectDirectory" value="/Users/sbacha/antlr4/antlr4-4.9.0-opt"/>
    <property name="java.vm.vendor" value="AdoptOpenJDK"/>
    <property name="java.vendor.url" value="https://adoptopenjdk.net/"/>
    <property name="path.separator" value=":"/>
    <property name="guice.disable.misplaced.annotation.check" value="true"/>
    <property name="java.vm.name" value="OpenJDK 64-Bit Server VM"/>
    <property name="user.country" value="US"/>
    <property name="sun.java.launcher" value="SUN_STANDARD"/>
    <property name="user.dir" value="/Users/sbacha/antlr4/antlr4-4.9.0-opt"/>
    <property name="java.vm.compressedOopsMode" value="Zero based"/>
    <property name="java.vm.specification.name" value="Java Virtual Machine Specification"/>
    <property name="java.runtime.version" value="13.0.2+8"/>
    <property name="os.arch" value="x86_64"/>
    <property name="java.io.tmpdir" value="/var/folders/yr/jljyn54x2_s965_570vvdpqw0000gn/T/"/>
    <property name="line.separator" value="&#10;"/>
    <property name="java.vm.specification.vendor" value="Oracle Corporation"/>
    <property name="os.name" value="Mac OS X"/>
    <property name="classworlds.conf" value="/usr/local/Cellar/maven/3.6.3_1/libexec/bin/m2.conf"/>
    <property name="sun.jnu.encoding" value="UTF-8"/>
    <property name="java.library.path" value="/Users/sbacha/Library/Java/Extensions:/Library/Java/Extensions:/Network/Library/Java/Extensions:/System/Library/Java/Extensions:/usr/lib/java:."/>
    <property name="maven.conf" value="/usr/local/Cellar/maven/3.6.3_1/libexec/conf"/>
    <property name="jdk.debug" value="release"/>
    <property name="java.class.version" value="57.0"/>
    <property name="java.specification.name" value="Java Platform API Specification"/>
    <property name="sun.management.compiler" value="HotSpot 64-Bit Tiered Compilers"/>
    <property name="os.version" value="10.15.5"/>
    <property name="http.nonProxyHosts" value="local, 169.254/16|*.local, 169.254/16"/>
    <property name="library.jansi.path" value="/usr/local/Cellar/maven/3.6.3_1/libexec/lib/jansi-native"/>
    <property name="user.home" value="/Users/sbacha"/>
    <property name="user.timezone" value="America/Los_Angeles"/>
    <property name="file.encoding" value="UTF-8"/>
    <property name="java.specification.version" value="13"/>
    <property name="user.name" value="sbacha"/>
    <property name="java.class.path" value="/usr/local/Cellar/maven/3.6.3_1/libexec/boot/plexus-classworlds-2.6.0.jar"/>
    <property name="java.vm.specification.version" value="13"/>
    <property name="sun.arch.data.model" value="64"/>
    <property name="sun.java.command" value="org.codehaus.plexus.classworlds.launcher.Launcher clean package"/>
    <property name="java.home" value="/Library/Java/JavaVirtualMachines/adoptopenjdk-13.jdk/Contents/Home"/>
    <property name="user.language" value="en"/>
    <property name="java.specification.vendor" value="Oracle Corporation"/>
    <property name="java.vm.info" value="mixed mode, sharing"/>
    <property name="java.version" value="13.0.2"/>
    <property name="java.vendor" value="AdoptOpenJDK"/>
    <property name="maven.home" value="/usr/local/Cellar/maven/3.6.3_1/libexec"/>
    <property name="file.separator" value="/"/>
    <property name="java.version.date" value="2020-01-14"/>
    <property name="java.vendor.url.bug" value="https://github.com/AdoptOpenJDK/openjdk-support/issues"/>
    <property name="sun.cpu.endian" value="little"/>
    <property name="sun.io.unicode.encoding" value="UnicodeBig"/>
    <property name="sun.font.fontmanager" value="sun.font.CFontManager"/>
    <property name="java.vendor.version" value="AdoptOpenJDK"/>
    <property name="socksNonProxyHosts" value="local, 169.254/16|*.local, 169.254/16"/>
    <property name="ftp.nonProxyHosts" value="local, 169.254/16|*.local, 169.254/16"/>
  </properties>
  <testcase name="testCtxSensitiveDFATwoDiffInputWithoutDFA" classname="org.antlr.v4.test.tool.TestFullContextParsing" time="0">
    <failure type="java.lang.AssertionError:">java.lang.AssertionError: null
	at org.junit.Assert.fail(Assert.java:87)
	at org.junit.Assert.assertTrue(Assert.java:42)
	at org.junit.Assert.assertTrue(Assert.java:53)
	at org.antlr.v4.test.tool.BaseTest.execParser(BaseTest.java:725)
	at org.antlr.v4.test.tool.BaseTest.execParser(BaseTest.java:708)
	at org.antlr.v4.test.tool.TestFullContextParsing.testCtxSensitiveDFATwoDiffInputWithoutDFA(TestFullContextParsing.java:139)
</failure>
    <system-out><![CDATA[dir /var/folders/yr/jljyn54x2_s965_570vvdpqw0000gn/T/TestFullContextParsing-1615276648569
]]></system-out>
    <system-err><![CDATA[error: Source option 6 is no longer supported. Use 7 or later.
error: Target option 6 is no longer supported. Use 7 or later.
]]></system-err>
  </testcase>
  <testcase name="testAmbigYieldsCtxSensitiveDFA" classname="org.antlr.v4.test.tool.TestFullContextParsing" time="0">
    <failure type="java.lang.AssertionError:">java.lang.AssertionError: null
	at org.junit.Assert.fail(Assert.java:87)
	at org.junit.Assert.assertTrue(Assert.java:42)
	at org.junit.Assert.assertTrue(Assert.java:53)
	at org.antlr.v4.test.tool.BaseTest.execParser(BaseTest.java:725)
	at org.antlr.v4.test.tool.BaseTest.execParser(BaseTest.java:708)
	at org.antlr.v4.test.tool.TestFullContextParsing.testAmbigYieldsCtxSensitiveDFA(TestFullContextParsing.java:32)
</failure>
    <system-out><![CDATA[dir /var/folders/yr/jljyn54x2_s965_570vvdpqw0000gn/T/TestFullContextParsing-1615276648581
]]></system-out>
    <system-err><![CDATA[error: Source option 6 is no longer supported. Use 7 or later.
error: Target option 6 is no longer supported. Use 7 or later.
]]></system-err>
  </testcase>
  <testcase name="testAmbiguityNoLoop" classname="org.antlr.v4.test.tool.TestFullContextParsing" time="0">
    <failure type="java.lang.AssertionError:">java.lang.AssertionError: null
	at org.junit.Assert.fail(Assert.java:87)
	at org.junit.Assert.assertTrue(Assert.java:42)
	at org.junit.Assert.assertTrue(Assert.java:53)
	at org.antlr.v4.test.tool.BaseTest.execParser(BaseTest.java:725)
	at org.antlr.v4.test.tool.BaseTest.execParser(BaseTest.java:708)
	at org.antlr.v4.test.tool.TestFullContextParsing.testAmbiguityNoLoop(TestFullContextParsing.java:517)
</failure>
    <system-out><![CDATA[dir /var/folders/yr/jljyn54x2_s965_570vvdpqw0000gn/T/TestFullContextParsing-1615276648590
]]></system-out>
    <system-err><![CDATA[error: Source option 6 is no longer supported. Use 7 or later.
error: Target option 6 is no longer supported. Use 7 or later.
]]></system-err>
  </testcase>
  <testcase name="testLoopsSimulateTailRecursion" classname="org.antlr.v4.test.tool.TestFullContextParsing" time="0.008">
    <failure type="java.lang.AssertionError:">java.lang.AssertionError: null
	at org.junit.Assert.fail(Assert.java:87)
	at org.junit.Assert.assertTrue(Assert.java:42)
	at org.junit.Assert.assertTrue(Assert.java:53)
	at org.antlr.v4.test.tool.BaseTest.execParser(BaseTest.java:725)
	at org.antlr.v4.test.tool.BaseTest.execParser(BaseTest.java:708)
	at org.antlr.v4.test.tool.TestFullContextParsing.testLoopsSimulateTailRecursion(TestFullContextParsing.java:491)
</failure>
    <system-out><![CDATA[dir /var/folders/yr/jljyn54x2_s965_570vvdpqw0000gn/T/TestFullContextParsing-1615276648598
]]></system-out>
    <system-err><![CDATA[error: Source option 6 is no longer supported. Use 7 or later.
error: Target option 6 is no longer supported. Use 7 or later.
]]></system-err>
  </testcase>
  <testcase name="testCtxSensitiveDFATwoDiffInputWithDFA" classname="org.antlr.v4.test.tool.TestFullContextParsing" time="0.019">
    <failure type="java.lang.AssertionError:">java.lang.AssertionError: null
	at org.junit.Assert.fail(Assert.java:87)
	at org.junit.Assert.assertTrue(Assert.java:42)
	at org.junit.Assert.assertTrue(Assert.java:53)
	at org.antlr.v4.test.tool.BaseTest.execParser(BaseTest.java:725)
	at org.antlr.v4.test.tool.BaseTest.execParser(BaseTest.java:708)
	at org.antlr.v4.test.tool.TestFullContextParsing.testCtxSensitiveDFATwoDiffInputWithDFA(TestFullContextParsing.java:164)
</failure>
    <system-out><![CDATA[dir /var/folders/yr/jljyn54x2_s965_570vvdpqw0000gn/T/TestFullContextParsing-1615276648608
]]></system-out>
    <system-err><![CDATA[error: Source option 6 is no longer supported. Use 7 or later.
error: Target option 6 is no longer supported. Use 7 or later.
]]></system-err>
  </testcase>
  <testcase name="testFullContextIF_THEN_ELSEParseWithoutDFA" classname="org.antlr.v4.test.tool.TestFullContextParsing" time="0.01">
    <failure type="java.lang.AssertionError:">java.lang.AssertionError: null
	at org.junit.Assert.fail(Assert.java:87)
	at org.junit.Assert.assertTrue(Assert.java:42)
	at org.junit.Assert.assertTrue(Assert.java:53)
	at org.antlr.v4.test.tool.BaseTest.execParser(BaseTest.java:725)
	at org.antlr.v4.test.tool.BaseTest.execParser(BaseTest.java:708)
	at org.antlr.v4.test.tool.TestFullContextParsing.testFullContextIF_THEN_ELSEParseWithoutDFA(TestFullContextParsing.java:247)
</failure>
    <system-out><![CDATA[dir /var/folders/yr/jljyn54x2_s965_570vvdpqw0000gn/T/TestFullContextParsing-1615276648627
]]></system-out>
    <system-err><![CDATA[error: Source option 6 is no longer supported. Use 7 or later.
error: Target option 6 is no longer supported. Use 7 or later.
]]></system-err>
  </testcase>
  <testcase name="testExprAmbiguity" classname="org.antlr.v4.test.tool.TestFullContextParsing" time="0.009">
    <failure type="java.lang.AssertionError:">java.lang.AssertionError: null
	at org.junit.Assert.fail(Assert.java:87)
	at org.junit.Assert.assertTrue(Assert.java:42)
	at org.junit.Assert.assertTrue(Assert.java:53)
	at org.antlr.v4.test.tool.BaseTest.execParser(BaseTest.java:725)
	at org.antlr.v4.test.tool.BaseTest.execParser(BaseTest.java:708)
	at org.antlr.v4.test.tool.TestFullContextParsing.testExprAmbiguity(TestFullContextParsing.java:547)
</failure>
    <system-out><![CDATA[dir /var/folders/yr/jljyn54x2_s965_570vvdpqw0000gn/T/TestFullContextParsing-1615276648637
]]></system-out>
    <system-err><![CDATA[error: Source option 6 is no longer supported. Use 7 or later.
error: Target option 6 is no longer supported. Use 7 or later.
]]></system-err>
  </testcase>
  <testcase name="testCtxSensitiveWithDFA1" classname="org.antlr.v4.test.tool.TestFullContextParsing" time="0.01">
    <failure type="java.lang.AssertionError:">java.lang.AssertionError: null
	at org.junit.Assert.fail(Assert.java:87)
	at org.junit.Assert.assertTrue(Assert.java:42)
	at org.junit.Assert.assertTrue(Assert.java:53)
	at org.antlr.v4.test.tool.BaseTest.execParser(BaseTest.java:725)
	at org.antlr.v4.test.tool.BaseTest.execParser(BaseTest.java:708)
	at org.antlr.v4.test.tool.TestFullContextParsing.testCtxSensitiveWithDFA(TestFullContextParsing.java:93)
	at org.antlr.v4.test.tool.TestFullContextParsing.testCtxSensitiveWithDFA1(TestFullContextParsing.java:99)
</failure>
    <system-out><![CDATA[dir /var/folders/yr/jljyn54x2_s965_570vvdpqw0000gn/T/TestFullContextParsing-1615276648646
]]></system-out>
    <system-err><![CDATA[error: Source option 6 is no longer supported. Use 7 or later.
error: Target option 6 is no longer supported. Use 7 or later.
]]></system-err>
  </testcase>
  <testcase name="testCtxSensitiveWithDFA2" classname="org.antlr.v4.test.tool.TestFullContextParsing" time="0.017">
    <failure type="java.lang.AssertionError:">java.lang.AssertionError: null
	at org.junit.Assert.fail(Assert.java:87)
	at org.junit.Assert.assertTrue(Assert.java:42)
	at org.junit.Assert.assertTrue(Assert.java:53)
	at org.antlr.v4.test.tool.BaseTest.execParser(BaseTest.java:725)
	at org.antlr.v4.test.tool.BaseTest.execParser(BaseTest.java:708)
	at org.antlr.v4.test.tool.TestFullContextParsing.testCtxSensitiveWithDFA(TestFullContextParsing.java:93)
	at org.antlr.v4.test.tool.TestFullContextParsing.testCtxSensitiveWithDFA2(TestFullContextParsing.java:114)
</failure>
    <system-out><![CDATA[dir /var/folders/yr/jljyn54x2_s965_570vvdpqw0000gn/T/TestFullContextParsing-1615276648656
]]></system-out>
    <system-err><![CDATA[error: Source option 6 is no longer supported. Use 7 or later.
error: Target option 6 is no longer supported. Use 7 or later.
]]></system-err>
  </testcase>
  <testcase name="testFullContextIF_THEN_ELSEParseWithDFA" classname="org.antlr.v4.test.tool.TestFullContextParsing" time="0.011">
    <failure type="java.lang.AssertionError:">java.lang.AssertionError: null
	at org.junit.Assert.fail(Assert.java:87)
	at org.junit.Assert.assertTrue(Assert.java:42)
	at org.junit.Assert.assertTrue(Assert.java:53)
	at org.antlr.v4.test.tool.BaseTest.execParser(BaseTest.java:725)
	at org.antlr.v4.test.tool.BaseTest.execParser(BaseTest.java:708)
	at org.antlr.v4.test.tool.TestFullContextParsing.testFullContextIF_THEN_ELSEParseWithDFA(TestFullContextParsing.java:350)
</failure>
    <system-out><![CDATA[dir /var/folders/yr/jljyn54x2_s965_570vvdpqw0000gn/T/TestFullContextParsing-1615276648673
]]></system-out>
    <system-err><![CDATA[error: Source option 6 is no longer supported. Use 7 or later.
error: Target option 6 is no longer supported. Use 7 or later.
]]></system-err>
  </testcase>
  <testcase name="testSLLSeesEOFInLLGrammarWithoutDFA" classname="org.antlr.v4.test.tool.TestFullContextParsing" time="0.01">
    <failure type="java.lang.AssertionError:">java.lang.AssertionError: null
	at org.junit.Assert.fail(Assert.java:87)
	at org.junit.Assert.assertTrue(Assert.java:42)
	at org.junit.Assert.assertTrue(Assert.java:53)
	at org.antlr.v4.test.tool.BaseTest.execParser(BaseTest.java:725)
	at org.antlr.v4.test.tool.BaseTest.execParser(BaseTest.java:708)
	at org.antlr.v4.test.tool.TestFullContextParsing.testSLLSeesEOFInLLGrammarWithoutDFA(TestFullContextParsing.java:195)
</failure>
    <system-out><![CDATA[dir /var/folders/yr/jljyn54x2_s965_570vvdpqw0000gn/T/TestFullContextParsing-1615276648684
]]></system-out>
    <system-err><![CDATA[error: Source option 6 is no longer supported. Use 7 or later.
error: Target option 6 is no longer supported. Use 7 or later.
]]></system-err>
  </testcase>
  <testcase name="testCtxSensitiveWithoutDFA1" classname="org.antlr.v4.test.tool.TestFullContextParsing" time="0.011">
    <failure type="java.lang.AssertionError:">java.lang.AssertionError: null
	at org.junit.Assert.fail(Assert.java:87)
	at org.junit.Assert.assertTrue(Assert.java:42)
	at org.junit.Assert.assertTrue(Assert.java:53)
	at org.antlr.v4.test.tool.BaseTest.execParser(BaseTest.java:725)
	at org.antlr.v4.test.tool.BaseTest.execParser(BaseTest.java:708)
	at org.antlr.v4.test.tool.TestFullContextParsing.testCtxSensitiveWithoutDFA(TestFullContextParsing.java:53)
	at org.antlr.v4.test.tool.TestFullContextParsing.testCtxSensitiveWithoutDFA1(TestFullContextParsing.java:58)
</failure>
    <system-out><![CDATA[dir /var/folders/yr/jljyn54x2_s965_570vvdpqw0000gn/T/TestFullContextParsing-1615276648694
]]></system-out>
    <system-err><![CDATA[error: Source option 6 is no longer supported. Use 7 or later.
error: Target option 6 is no longer supported. Use 7 or later.
]]></system-err>
  </testcase>
  <testcase name="testCtxSensitiveWithoutDFA2" classname="org.antlr.v4.test.tool.TestFullContextParsing" time="0.009">
    <failure type="java.lang.AssertionError:">java.lang.AssertionError: null
	at org.junit.Assert.fail(Assert.java:87)
	at org.junit.Assert.assertTrue(Assert.java:42)
	at org.junit.Assert.assertTrue(Assert.java:53)
	at org.antlr.v4.test.tool.BaseTest.execParser(BaseTest.java:725)
	at org.antlr.v4.test.tool.BaseTest.execParser(BaseTest.java:708)
	at org.antlr.v4.test.tool.TestFullContextParsing.testCtxSensitiveWithoutDFA(TestFullContextParsing.java:53)
	at org.antlr.v4.test.tool.TestFullContextParsing.testCtxSensitiveWithoutDFA2(TestFullContextParsing.java:71)
</failure>
    <system-out><![CDATA[dir /var/folders/yr/jljyn54x2_s965_570vvdpqw0000gn/T/TestFullContextParsing-1615276648705
]]></system-out>
    <system-err><![CDATA[error: Source option 6 is no longer supported. Use 7 or later.
error: Target option 6 is no longer supported. Use 7 or later.
]]></system-err>
  </testcase>
  <testcase name="testSLLSeesEOFInLLGrammarWithDFA" classname="org.antlr.v4.test.tool.TestFullContextParsing" time="0.011">
    <failure type="java.lang.AssertionError:">java.lang.AssertionError: null
	at org.junit.Assert.fail(Assert.java:87)
	at org.junit.Assert.assertTrue(Assert.java:42)
	at org.junit.Assert.assertTrue(Assert.java:53)
	at org.antlr.v4.test.tool.BaseTest.execParser(BaseTest.java:725)
	at org.antlr.v4.test.tool.BaseTest.execParser(BaseTest.java:708)
	at org.antlr.v4.test.tool.TestFullContextParsing.testSLLSeesEOFInLLGrammarWithDFA(TestFullContextParsing.java:219)
</failure>
    <system-out><![CDATA[dir /var/folders/yr/jljyn54x2_s965_570vvdpqw0000gn/T/TestFullContextParsing-1615276648714
]]></system-out>
    <system-err><![CDATA[error: Source option 6 is no longer supported. Use 7 or later.
error: Target option 6 is no longer supported. Use 7 or later.
]]></system-err>
  </testcase>
</testsuite>