<?xml version="1.0" encoding="UTF-8"?>
<testsuite name="org.antlr.v4.test.runtime.TestCompositeParsers" time="0.191" tests="15" errors="0" skipped="0" failures="15">
  <properties>
    <property name="java.runtime.name" value="OpenJDK Runtime Environment"/>
    <property name="java.vm.version" value="13.0.2+8"/>
    <property name="sun.boot.library.path" value="/Library/Java/JavaVirtualMachines/adoptopenjdk-13.jdk/Contents/Home/lib"/>
    <property name="maven.multiModuleProjectDirectory" value="/Users/sbacha/antlr4/antlr4-4.9.0-opt"/>
    <property name="java.vm.vendor" value="AdoptOpenJDK"/>
    <property name="java.vendor.url" value="https://adoptopenjdk.net/"/>
    <property name="path.separator" value=":"/>
    <property name="guice.disable.misplaced.annotation.check" value="true"/>
    <property name="java.vm.name" value="OpenJDK 64-Bit Server VM"/>
    <property name="user.country" value="US"/>
    <property name="sun.java.launcher" value="SUN_STANDARD"/>
    <property name="user.dir" value="/Users/sbacha/antlr4/antlr4-4.9.0-opt"/>
    <property name="java.vm.compressedOopsMode" value="Zero based"/>
    <property name="java.vm.specification.name" value="Java Virtual Machine Specification"/>
    <property name="java.runtime.version" value="13.0.2+8"/>
    <property name="os.arch" value="x86_64"/>
    <property name="java.io.tmpdir" value="/var/folders/yr/jljyn54x2_s965_570vvdpqw0000gn/T/"/>
    <property name="line.separator" value="&#10;"/>
    <property name="java.vm.specification.vendor" value="Oracle Corporation"/>
    <property name="os.name" value="Mac OS X"/>
    <property name="classworlds.conf" value="/usr/local/Cellar/maven/3.6.3_1/libexec/bin/m2.conf"/>
    <property name="sun.jnu.encoding" value="UTF-8"/>
    <property name="java.library.path" value="/Users/sbacha/Library/Java/Extensions:/Library/Java/Extensions:/Network/Library/Java/Extensions:/System/Library/Java/Extensions:/usr/lib/java:."/>
    <property name="maven.conf" value="/usr/local/Cellar/maven/3.6.3_1/libexec/conf"/>
    <property name="jdk.debug" value="release"/>
    <property name="java.class.version" value="57.0"/>
    <property name="java.specification.name" value="Java Platform API Specification"/>
    <property name="sun.management.compiler" value="HotSpot 64-Bit Tiered Compilers"/>
    <property name="os.version" value="10.15.5"/>
    <property name="http.nonProxyHosts" value="local, 169.254/16|*.local, 169.254/16"/>
    <property name="library.jansi.path" value="/usr/local/Cellar/maven/3.6.3_1/libexec/lib/jansi-native"/>
    <property name="user.home" value="/Users/sbacha"/>
    <property name="user.timezone" value="America/Los_Angeles"/>
    <property name="file.encoding" value="UTF-8"/>
    <property name="java.specification.version" value="13"/>
    <property name="user.name" value="sbacha"/>
    <property name="java.class.path" value="/usr/local/Cellar/maven/3.6.3_1/libexec/boot/plexus-classworlds-2.6.0.jar"/>
    <property name="java.vm.specification.version" value="13"/>
    <property name="sun.arch.data.model" value="64"/>
    <property name="sun.java.command" value="org.codehaus.plexus.classworlds.launcher.Launcher clean package"/>
    <property name="java.home" value="/Library/Java/JavaVirtualMachines/adoptopenjdk-13.jdk/Contents/Home"/>
    <property name="user.language" value="en"/>
    <property name="java.specification.vendor" value="Oracle Corporation"/>
    <property name="java.vm.info" value="mixed mode, sharing"/>
    <property name="java.version" value="13.0.2"/>
    <property name="java.vendor" value="AdoptOpenJDK"/>
    <property name="maven.home" value="/usr/local/Cellar/maven/3.6.3_1/libexec"/>
    <property name="file.separator" value="/"/>
    <property name="java.version.date" value="2020-01-14"/>
    <property name="java.vendor.url.bug" value="https://github.com/AdoptOpenJDK/openjdk-support/issues"/>
    <property name="sun.cpu.endian" value="little"/>
    <property name="sun.io.unicode.encoding" value="UnicodeBig"/>
    <property name="sun.font.fontmanager" value="sun.font.CFontManager"/>
    <property name="java.vendor.version" value="AdoptOpenJDK"/>
    <property name="socksNonProxyHosts" value="local, 169.254/16|*.local, 169.254/16"/>
    <property name="ftp.nonProxyHosts" value="local, 169.254/16|*.local, 169.254/16"/>
  </properties>
  <testcase name="testDelegatorAccessesDelegateMembers" classname="org.antlr.v4.test.runtime.TestCompositeParsers" time="0.001">
    <failure type="java.lang.AssertionError:">java.lang.AssertionError: null
	at org.junit.Assert.fail(Assert.java:87)
	at org.junit.Assert.assertTrue(Assert.java:42)
	at org.junit.Assert.assertTrue(Assert.java:53)
	at org.antlr.v4.test.tool.BaseTest.execParser(BaseTest.java:725)
	at org.antlr.v4.test.tool.BaseTest.execParser(BaseTest.java:708)
	at org.antlr.v4.test.runtime.TestCompositeParsers.testDelegatorAccessesDelegateMembers(TestCompositeParsers.java:147)
</failure>
    <system-out><![CDATA[dir /var/folders/yr/jljyn54x2_s965_570vvdpqw0000gn/T/TestCompositeParsers-1615276642062
]]></system-out>
    <system-err><![CDATA[antlr reports warnings from [-visitor, -o, /var/folders/yr/jljyn54x2_s965_570vvdpqw0000gn/T/TestCompositeParsers-1615276642062, -lib, /var/folders/yr/jljyn54x2_s965_570vvdpqw0000gn/T/TestCompositeParsers-1615276642062, -encoding, UTF-8, /var/folders/yr/jljyn54x2_s965_570vvdpqw0000gn/T/TestCompositeParsers-1615276642062/M.g4]
Message{errorType=IMPLICIT_TOKEN_DEFINITION, args=[B], e=null, fileName='/var/folders/yr/jljyn54x2_s965_570vvdpqw0000gn/T/TestCompositeParsers-1615276642062/M.g4', line=5, charPosition=4}
antlr reports warnings from [-visitor, -o, /var/folders/yr/jljyn54x2_s965_570vvdpqw0000gn/T/TestCompositeParsers-1615276642062, -lib, /var/folders/yr/jljyn54x2_s965_570vvdpqw0000gn/T/TestCompositeParsers-1615276642062, -encoding, UTF-8, /var/folders/yr/jljyn54x2_s965_570vvdpqw0000gn/T/TestCompositeParsers-1615276642062/M.g4]
Message{errorType=IMPLICIT_TOKEN_DEFINITION, args=[B], e=null, fileName='/var/folders/yr/jljyn54x2_s965_570vvdpqw0000gn/T/TestCompositeParsers-1615276642062/M.g4', line=5, charPosition=4}
error: Source option 6 is no longer supported. Use 7 or later.
error: Target option 6 is no longer supported. Use 7 or later.
]]></system-err>
  </testcase>
  <testcase name="testDelegatorRuleOverridesDelegate" classname="org.antlr.v4.test.runtime.TestCompositeParsers" time="0.013">
    <failure type="java.lang.AssertionError:">java.lang.AssertionError: null
	at org.junit.Assert.fail(Assert.java:87)
	at org.junit.Assert.assertTrue(Assert.java:42)
	at org.junit.Assert.assertTrue(Assert.java:53)
	at org.antlr.v4.test.tool.BaseTest.execParser(BaseTest.java:725)
	at org.antlr.v4.test.tool.BaseTest.execParser(BaseTest.java:708)
	at org.antlr.v4.test.runtime.TestCompositeParsers.testDelegatorRuleOverridesDelegate(TestCompositeParsers.java:278)
</failure>
    <system-out><![CDATA[dir /var/folders/yr/jljyn54x2_s965_570vvdpqw0000gn/T/TestCompositeParsers-1615276642074
]]></system-out>
    <system-err><![CDATA[error: Source option 6 is no longer supported. Use 7 or later.
error: Target option 6 is no longer supported. Use 7 or later.
]]></system-err>
  </testcase>
  <testcase name="testImportLexerWithOnlyFragmentRules" classname="org.antlr.v4.test.runtime.TestCompositeParsers" time="0.017">
    <failure type="java.lang.AssertionError:">java.lang.AssertionError: null
	at org.junit.Assert.fail(Assert.java:87)
	at org.junit.Assert.assertTrue(Assert.java:42)
	at org.junit.Assert.assertTrue(Assert.java:53)
	at org.antlr.v4.test.tool.BaseTest.execParser(BaseTest.java:725)
	at org.antlr.v4.test.tool.BaseTest.execParser(BaseTest.java:708)
	at org.antlr.v4.test.runtime.TestCompositeParsers.testImportLexerWithOnlyFragmentRules(TestCompositeParsers.java:372)
</failure>
    <system-out><![CDATA[dir /var/folders/yr/jljyn54x2_s965_570vvdpqw0000gn/T/TestCompositeParsers-1615276642089
]]></system-out>
    <system-err><![CDATA[error: Source option 6 is no longer supported. Use 7 or later.
error: Target option 6 is no longer supported. Use 7 or later.
]]></system-err>
  </testcase>
  <testcase name="testDelegatorRuleOverridesLookaheadInDelegate" classname="org.antlr.v4.test.runtime.TestCompositeParsers" time="0.014">
    <failure type="java.lang.AssertionError:">java.lang.AssertionError: null
	at org.junit.Assert.fail(Assert.java:87)
	at org.junit.Assert.assertTrue(Assert.java:42)
	at org.junit.Assert.assertTrue(Assert.java:53)
	at org.antlr.v4.test.tool.BaseTest.execParser(BaseTest.java:725)
	at org.antlr.v4.test.tool.BaseTest.execParser(BaseTest.java:708)
	at org.antlr.v4.test.runtime.TestCompositeParsers.testDelegatorRuleOverridesLookaheadInDelegate(TestCompositeParsers.java:341)
</failure>
    <system-out><![CDATA[dir /var/folders/yr/jljyn54x2_s965_570vvdpqw0000gn/T/TestCompositeParsers-1615276642106
]]></system-out>
    <system-err><![CDATA[error: Source option 6 is no longer supported. Use 7 or later.
error: Target option 6 is no longer supported. Use 7 or later.
]]></system-err>
  </testcase>
  <testcase name="testBringInLiteralsFromDelegate" classname="org.antlr.v4.test.runtime.TestCompositeParsers" time="0.015">
    <failure type="java.lang.AssertionError:">java.lang.AssertionError: null
	at org.junit.Assert.fail(Assert.java:87)
	at org.junit.Assert.assertTrue(Assert.java:42)
	at org.junit.Assert.assertTrue(Assert.java:53)
	at org.antlr.v4.test.tool.BaseTest.execParser(BaseTest.java:725)
	at org.antlr.v4.test.tool.BaseTest.execParser(BaseTest.java:708)
	at org.antlr.v4.test.runtime.TestCompositeParsers.testBringInLiteralsFromDelegate(TestCompositeParsers.java:32)
</failure>
    <system-out><![CDATA[dir /var/folders/yr/jljyn54x2_s965_570vvdpqw0000gn/T/TestCompositeParsers-1615276642120
]]></system-out>
    <system-err><![CDATA[error: Source option 6 is no longer supported. Use 7 or later.
error: Target option 6 is no longer supported. Use 7 or later.
]]></system-err>
  </testcase>
  <testcase name="testCombinedImportsCombined" classname="org.antlr.v4.test.runtime.TestCompositeParsers" time="0.015">
    <failure type="java.lang.AssertionError:">java.lang.AssertionError: null
	at org.junit.Assert.fail(Assert.java:87)
	at org.junit.Assert.assertTrue(Assert.java:42)
	at org.junit.Assert.assertTrue(Assert.java:53)
	at org.antlr.v4.test.tool.BaseTest.execParser(BaseTest.java:725)
	at org.antlr.v4.test.tool.BaseTest.execParser(BaseTest.java:708)
	at org.antlr.v4.test.runtime.TestCompositeParsers.testCombinedImportsCombined(TestCompositeParsers.java:63)
</failure>
    <system-out><![CDATA[dir /var/folders/yr/jljyn54x2_s965_570vvdpqw0000gn/T/TestCompositeParsers-1615276642135
]]></system-out>
    <system-err><![CDATA[error: Source option 6 is no longer supported. Use 7 or later.
error: Target option 6 is no longer supported. Use 7 or later.
]]></system-err>
  </testcase>
  <testcase name="testImportedGrammarWithEmptyOptions" classname="org.antlr.v4.test.runtime.TestCompositeParsers" time="0.012">
    <failure type="java.lang.AssertionError:">java.lang.AssertionError: null
	at org.junit.Assert.fail(Assert.java:87)
	at org.junit.Assert.assertTrue(Assert.java:42)
	at org.junit.Assert.assertTrue(Assert.java:53)
	at org.antlr.v4.test.tool.BaseTest.execParser(BaseTest.java:725)
	at org.antlr.v4.test.tool.BaseTest.execParser(BaseTest.java:708)
	at org.antlr.v4.test.runtime.TestCompositeParsers.testImportedGrammarWithEmptyOptions(TestCompositeParsers.java:398)
</failure>
    <system-out><![CDATA[dir /var/folders/yr/jljyn54x2_s965_570vvdpqw0000gn/T/TestCompositeParsers-1615276642150
]]></system-out>
    <system-err><![CDATA[error: Source option 6 is no longer supported. Use 7 or later.
error: Target option 6 is no longer supported. Use 7 or later.
]]></system-err>
  </testcase>
  <testcase name="testDelegatorRuleOverridesDelegates" classname="org.antlr.v4.test.runtime.TestCompositeParsers" time="0.014">
    <failure type="java.lang.AssertionError:">java.lang.AssertionError: null
	at org.junit.Assert.fail(Assert.java:87)
	at org.junit.Assert.assertTrue(Assert.java:42)
	at org.junit.Assert.assertTrue(Assert.java:53)
	at org.antlr.v4.test.tool.BaseTest.execParser(BaseTest.java:725)
	at org.antlr.v4.test.tool.BaseTest.execParser(BaseTest.java:708)
	at org.antlr.v4.test.runtime.TestCompositeParsers.testDelegatorRuleOverridesDelegates(TestCompositeParsers.java:309)
</failure>
    <system-out><![CDATA[dir /var/folders/yr/jljyn54x2_s965_570vvdpqw0000gn/T/TestCompositeParsers-1615276642162
]]></system-out>
    <system-err><![CDATA[antlr reports warnings from [-visitor, -o, /var/folders/yr/jljyn54x2_s965_570vvdpqw0000gn/T/TestCompositeParsers-1615276642162, -lib, /var/folders/yr/jljyn54x2_s965_570vvdpqw0000gn/T/TestCompositeParsers-1615276642162, -encoding, UTF-8, /var/folders/yr/jljyn54x2_s965_570vvdpqw0000gn/T/TestCompositeParsers-1615276642162/M.g4]
Message{errorType=IMPLICIT_TOKEN_DEFINITION, args=[B], e=null, fileName='/var/folders/yr/jljyn54x2_s965_570vvdpqw0000gn/T/TestCompositeParsers-1615276642162/M.g4', line=3, charPosition=41}
antlr reports warnings from [-visitor, -o, /var/folders/yr/jljyn54x2_s965_570vvdpqw0000gn/T/TestCompositeParsers-1615276642162, -lib, /var/folders/yr/jljyn54x2_s965_570vvdpqw0000gn/T/TestCompositeParsers-1615276642162, -encoding, UTF-8, /var/folders/yr/jljyn54x2_s965_570vvdpqw0000gn/T/TestCompositeParsers-1615276642162/M.g4]
Message{errorType=IMPLICIT_TOKEN_DEFINITION, args=[B], e=null, fileName='/var/folders/yr/jljyn54x2_s965_570vvdpqw0000gn/T/TestCompositeParsers-1615276642162/M.g4', line=3, charPosition=41}
error: Source option 6 is no longer supported. Use 7 or later.
error: Target option 6 is no longer supported. Use 7 or later.
]]></system-err>
  </testcase>
  <testcase name="testDelegatorInvokesDelegateRuleWithArgs" classname="org.antlr.v4.test.runtime.TestCompositeParsers" time="0.015">
    <failure type="java.lang.AssertionError:">java.lang.AssertionError: null
	at org.junit.Assert.fail(Assert.java:87)
	at org.junit.Assert.assertTrue(Assert.java:42)
	at org.junit.Assert.assertTrue(Assert.java:53)
	at org.antlr.v4.test.tool.BaseTest.execParser(BaseTest.java:725)
	at org.antlr.v4.test.tool.BaseTest.execParser(BaseTest.java:708)
	at org.antlr.v4.test.runtime.TestCompositeParsers.testDelegatorInvokesDelegateRuleWithArgs(TestCompositeParsers.java:197)
</failure>
    <system-out><![CDATA[dir /var/folders/yr/jljyn54x2_s965_570vvdpqw0000gn/T/TestCompositeParsers-1615276642176
]]></system-out>
    <system-err><![CDATA[error: Source option 6 is no longer supported. Use 7 or later.
error: Target option 6 is no longer supported. Use 7 or later.
]]></system-err>
  </testcase>
  <testcase name="testKeywordVSIDOrder" classname="org.antlr.v4.test.runtime.TestCompositeParsers" time="0.013">
    <failure type="java.lang.AssertionError:">java.lang.AssertionError: null
	at org.junit.Assert.fail(Assert.java:87)
	at org.junit.Assert.assertTrue(Assert.java:42)
	at org.junit.Assert.assertTrue(Assert.java:53)
	at org.antlr.v4.test.tool.BaseTest.execParser(BaseTest.java:725)
	at org.antlr.v4.test.tool.BaseTest.execParser(BaseTest.java:708)
	at org.antlr.v4.test.runtime.TestCompositeParsers.testKeywordVSIDOrder(TestCompositeParsers.java:448)
</failure>
    <system-out><![CDATA[dir /var/folders/yr/jljyn54x2_s965_570vvdpqw0000gn/T/TestCompositeParsers-1615276642191
]]></system-out>
    <system-err><![CDATA[error: Source option 6 is no longer supported. Use 7 or later.
error: Target option 6 is no longer supported. Use 7 or later.
]]></system-err>
  </testcase>
  <testcase name="testDelegatesSeeSameTokenType" classname="org.antlr.v4.test.runtime.TestCompositeParsers" time="0.016">
    <failure type="java.lang.AssertionError:">java.lang.AssertionError: null
	at org.junit.Assert.fail(Assert.java:87)
	at org.junit.Assert.assertTrue(Assert.java:42)
	at org.junit.Assert.assertTrue(Assert.java:53)
	at org.antlr.v4.test.tool.BaseTest.execParser(BaseTest.java:725)
	at org.antlr.v4.test.tool.BaseTest.execParser(BaseTest.java:708)
	at org.antlr.v4.test.runtime.TestCompositeParsers.testDelegatesSeeSameTokenType(TestCompositeParsers.java:118)
</failure>
    <system-out><![CDATA[dir /var/folders/yr/jljyn54x2_s965_570vvdpqw0000gn/T/TestCompositeParsers-1615276642204
]]></system-out>
    <system-err><![CDATA[antlr reports warnings from [-visitor, -o, /var/folders/yr/jljyn54x2_s965_570vvdpqw0000gn/T/TestCompositeParsers-1615276642204, -lib, /var/folders/yr/jljyn54x2_s965_570vvdpqw0000gn/T/TestCompositeParsers-1615276642204, -encoding, UTF-8, /var/folders/yr/jljyn54x2_s965_570vvdpqw0000gn/T/TestCompositeParsers-1615276642204/M.g4]
Message{errorType=TOKEN_NAME_REASSIGNMENT, args=[A], e=null, fileName='/var/folders/yr/jljyn54x2_s965_570vvdpqw0000gn/T/TestCompositeParsers-1615276642204/M.g4', line=2, charPosition=9}
Message{errorType=TOKEN_NAME_REASSIGNMENT, args=[B], e=null, fileName='/var/folders/yr/jljyn54x2_s965_570vvdpqw0000gn/T/TestCompositeParsers-1615276642204/M.g4', line=2, charPosition=12}
Message{errorType=TOKEN_NAME_REASSIGNMENT, args=[C], e=null, fileName='/var/folders/yr/jljyn54x2_s965_570vvdpqw0000gn/T/TestCompositeParsers-1615276642204/M.g4', line=2, charPosition=15}
Message{errorType=TOKEN_NAME_REASSIGNMENT, args=[C], e=null, fileName='/var/folders/yr/jljyn54x2_s965_570vvdpqw0000gn/T/TestCompositeParsers-1615276642204/M.g4', line=2, charPosition=9}
Message{errorType=TOKEN_NAME_REASSIGNMENT, args=[B], e=null, fileName='/var/folders/yr/jljyn54x2_s965_570vvdpqw0000gn/T/TestCompositeParsers-1615276642204/M.g4', line=2, charPosition=12}
Message{errorType=TOKEN_NAME_REASSIGNMENT, args=[A], e=null, fileName='/var/folders/yr/jljyn54x2_s965_570vvdpqw0000gn/T/TestCompositeParsers-1615276642204/M.g4', line=2, charPosition=15}
antlr reports warnings from [-visitor, -o, /var/folders/yr/jljyn54x2_s965_570vvdpqw0000gn/T/TestCompositeParsers-1615276642204, -lib, /var/folders/yr/jljyn54x2_s965_570vvdpqw0000gn/T/TestCompositeParsers-1615276642204, -encoding, UTF-8, /var/folders/yr/jljyn54x2_s965_570vvdpqw0000gn/T/TestCompositeParsers-1615276642204/M.g4]
Message{errorType=TOKEN_NAME_REASSIGNMENT, args=[A], e=null, fileName='/var/folders/yr/jljyn54x2_s965_570vvdpqw0000gn/T/TestCompositeParsers-1615276642204/M.g4', line=2, charPosition=9}
Message{errorType=TOKEN_NAME_REASSIGNMENT, args=[B], e=null, fileName='/var/folders/yr/jljyn54x2_s965_570vvdpqw0000gn/T/TestCompositeParsers-1615276642204/M.g4', line=2, charPosition=12}
Message{errorType=TOKEN_NAME_REASSIGNMENT, args=[C], e=null, fileName='/var/folders/yr/jljyn54x2_s965_570vvdpqw0000gn/T/TestCompositeParsers-1615276642204/M.g4', line=2, charPosition=15}
Message{errorType=TOKEN_NAME_REASSIGNMENT, args=[C], e=null, fileName='/var/folders/yr/jljyn54x2_s965_570vvdpqw0000gn/T/TestCompositeParsers-1615276642204/M.g4', line=2, charPosition=9}
Message{errorType=TOKEN_NAME_REASSIGNMENT, args=[B], e=null, fileName='/var/folders/yr/jljyn54x2_s965_570vvdpqw0000gn/T/TestCompositeParsers-1615276642204/M.g4', line=2, charPosition=12}
Message{errorType=TOKEN_NAME_REASSIGNMENT, args=[A], e=null, fileName='/var/folders/yr/jljyn54x2_s965_570vvdpqw0000gn/T/TestCompositeParsers-1615276642204/M.g4', line=2, charPosition=15}
error: Source option 6 is no longer supported. Use 7 or later.
error: Target option 6 is no longer supported. Use 7 or later.
]]></system-err>
  </testcase>
  <testcase name="testDelegatorInvokesFirstVersionOfDelegateRule" classname="org.antlr.v4.test.runtime.TestCompositeParsers" time="0.012">
    <failure type="java.lang.AssertionError:">java.lang.AssertionError: null
	at org.junit.Assert.fail(Assert.java:87)
	at org.junit.Assert.assertTrue(Assert.java:42)
	at org.junit.Assert.assertTrue(Assert.java:53)
	at org.antlr.v4.test.tool.BaseTest.execParser(BaseTest.java:725)
	at org.antlr.v4.test.tool.BaseTest.execParser(BaseTest.java:708)
	at org.antlr.v4.test.runtime.TestCompositeParsers.testDelegatorInvokesFirstVersionOfDelegateRule(TestCompositeParsers.java:253)
</failure>
    <system-out><![CDATA[dir /var/folders/yr/jljyn54x2_s965_570vvdpqw0000gn/T/TestCompositeParsers-1615276642220
]]></system-out>
    <system-err><![CDATA[error: Source option 6 is no longer supported. Use 7 or later.
error: Target option 6 is no longer supported. Use 7 or later.
]]></system-err>
  </testcase>
  <testcase name="testImportedRuleWithAction" classname="org.antlr.v4.test.runtime.TestCompositeParsers" time="0.011">
    <failure type="java.lang.AssertionError:">java.lang.AssertionError: null
	at org.junit.Assert.fail(Assert.java:87)
	at org.junit.Assert.assertTrue(Assert.java:42)
	at org.junit.Assert.assertTrue(Assert.java:53)
	at org.antlr.v4.test.tool.BaseTest.execParser(BaseTest.java:725)
	at org.antlr.v4.test.tool.BaseTest.execParser(BaseTest.java:708)
	at org.antlr.v4.test.runtime.TestCompositeParsers.testImportedRuleWithAction(TestCompositeParsers.java:423)
</failure>
    <system-out><![CDATA[dir /var/folders/yr/jljyn54x2_s965_570vvdpqw0000gn/T/TestCompositeParsers-1615276642232
]]></system-out>
    <system-err><![CDATA[error: Source option 6 is no longer supported. Use 7 or later.
error: Target option 6 is no longer supported. Use 7 or later.
]]></system-err>
  </testcase>
  <testcase name="testDelegatorInvokesDelegateRuleWithReturnStruct" classname="org.antlr.v4.test.runtime.TestCompositeParsers" time="0.011">
    <failure type="java.lang.AssertionError:">java.lang.AssertionError: null
	at org.junit.Assert.fail(Assert.java:87)
	at org.junit.Assert.assertTrue(Assert.java:42)
	at org.junit.Assert.assertTrue(Assert.java:53)
	at org.antlr.v4.test.tool.BaseTest.execParser(BaseTest.java:725)
	at org.antlr.v4.test.tool.BaseTest.execParser(BaseTest.java:708)
	at org.antlr.v4.test.runtime.TestCompositeParsers.testDelegatorInvokesDelegateRuleWithReturnStruct(TestCompositeParsers.java:222)
</failure>
    <system-out><![CDATA[dir /var/folders/yr/jljyn54x2_s965_570vvdpqw0000gn/T/TestCompositeParsers-1615276642243
]]></system-out>
    <system-err><![CDATA[error: Source option 6 is no longer supported. Use 7 or later.
error: Target option 6 is no longer supported. Use 7 or later.
]]></system-err>
  </testcase>
  <testcase name="testDelegatorInvokesDelegateRule" classname="org.antlr.v4.test.runtime.TestCompositeParsers" time="0.012">
    <failure type="java.lang.AssertionError:">java.lang.AssertionError: null
	at org.junit.Assert.fail(Assert.java:87)
	at org.junit.Assert.assertTrue(Assert.java:42)
	at org.junit.Assert.assertTrue(Assert.java:53)
	at org.antlr.v4.test.tool.BaseTest.execParser(BaseTest.java:725)
	at org.antlr.v4.test.tool.BaseTest.execParser(BaseTest.java:708)
	at org.antlr.v4.test.runtime.TestCompositeParsers.testDelegatorInvokesDelegateRule(TestCompositeParsers.java:172)
</failure>
    <system-out><![CDATA[dir /var/folders/yr/jljyn54x2_s965_570vvdpqw0000gn/T/TestCompositeParsers-1615276642254
]]></system-out>
    <system-err><![CDATA[error: Source option 6 is no longer supported. Use 7 or later.
error: Target option 6 is no longer supported. Use 7 or later.
]]></system-err>
  </testcase>
</testsuite>