<?xml version="1.0" encoding="UTF-8"?>
<testsuite name="org.antlr.v4.test.runtime.TestLexerExec" time="1.641" tests="39" errors="0" skipped="0" failures="39">
  <properties>
    <property name="java.runtime.name" value="OpenJDK Runtime Environment"/>
    <property name="java.vm.version" value="13.0.2+8"/>
    <property name="sun.boot.library.path" value="/Library/Java/JavaVirtualMachines/adoptopenjdk-13.jdk/Contents/Home/lib"/>
    <property name="maven.multiModuleProjectDirectory" value="/Users/sbacha/antlr4/antlr4-4.9.0-opt"/>
    <property name="java.vm.vendor" value="AdoptOpenJDK"/>
    <property name="java.vendor.url" value="https://adoptopenjdk.net/"/>
    <property name="path.separator" value=":"/>
    <property name="guice.disable.misplaced.annotation.check" value="true"/>
    <property name="java.vm.name" value="OpenJDK 64-Bit Server VM"/>
    <property name="user.country" value="US"/>
    <property name="sun.java.launcher" value="SUN_STANDARD"/>
    <property name="user.dir" value="/Users/sbacha/antlr4/antlr4-4.9.0-opt"/>
    <property name="java.vm.compressedOopsMode" value="Zero based"/>
    <property name="java.vm.specification.name" value="Java Virtual Machine Specification"/>
    <property name="java.runtime.version" value="13.0.2+8"/>
    <property name="os.arch" value="x86_64"/>
    <property name="java.io.tmpdir" value="/var/folders/yr/jljyn54x2_s965_570vvdpqw0000gn/T/"/>
    <property name="line.separator" value="&#10;"/>
    <property name="java.vm.specification.vendor" value="Oracle Corporation"/>
    <property name="os.name" value="Mac OS X"/>
    <property name="classworlds.conf" value="/usr/local/Cellar/maven/3.6.3_1/libexec/bin/m2.conf"/>
    <property name="sun.jnu.encoding" value="UTF-8"/>
    <property name="java.library.path" value="/Users/sbacha/Library/Java/Extensions:/Library/Java/Extensions:/Network/Library/Java/Extensions:/System/Library/Java/Extensions:/usr/lib/java:."/>
    <property name="maven.conf" value="/usr/local/Cellar/maven/3.6.3_1/libexec/conf"/>
    <property name="jdk.debug" value="release"/>
    <property name="java.class.version" value="57.0"/>
    <property name="java.specification.name" value="Java Platform API Specification"/>
    <property name="sun.management.compiler" value="HotSpot 64-Bit Tiered Compilers"/>
    <property name="os.version" value="10.15.5"/>
    <property name="http.nonProxyHosts" value="local, 169.254/16|*.local, 169.254/16"/>
    <property name="library.jansi.path" value="/usr/local/Cellar/maven/3.6.3_1/libexec/lib/jansi-native"/>
    <property name="user.home" value="/Users/sbacha"/>
    <property name="user.timezone" value="America/Los_Angeles"/>
    <property name="file.encoding" value="UTF-8"/>
    <property name="java.specification.version" value="13"/>
    <property name="user.name" value="sbacha"/>
    <property name="java.class.path" value="/usr/local/Cellar/maven/3.6.3_1/libexec/boot/plexus-classworlds-2.6.0.jar"/>
    <property name="java.vm.specification.version" value="13"/>
    <property name="sun.arch.data.model" value="64"/>
    <property name="sun.java.command" value="org.codehaus.plexus.classworlds.launcher.Launcher clean package"/>
    <property name="java.home" value="/Library/Java/JavaVirtualMachines/adoptopenjdk-13.jdk/Contents/Home"/>
    <property name="user.language" value="en"/>
    <property name="java.specification.vendor" value="Oracle Corporation"/>
    <property name="java.vm.info" value="mixed mode, sharing"/>
    <property name="java.version" value="13.0.2"/>
    <property name="java.vendor" value="AdoptOpenJDK"/>
    <property name="maven.home" value="/usr/local/Cellar/maven/3.6.3_1/libexec"/>
    <property name="file.separator" value="/"/>
    <property name="java.version.date" value="2020-01-14"/>
    <property name="java.vendor.url.bug" value="https://github.com/AdoptOpenJDK/openjdk-support/issues"/>
    <property name="sun.cpu.endian" value="little"/>
    <property name="sun.io.unicode.encoding" value="UnicodeBig"/>
    <property name="sun.font.fontmanager" value="sun.font.CFontManager"/>
    <property name="java.vendor.version" value="AdoptOpenJDK"/>
    <property name="socksNonProxyHosts" value="local, 169.254/16|*.local, 169.254/16"/>
    <property name="ftp.nonProxyHosts" value="local, 169.254/16|*.local, 169.254/16"/>
  </properties>
  <testcase name="testUnicodeCharSet" classname="org.antlr.v4.test.runtime.TestLexerExec" time="0.005">
    <failure type="java.lang.AssertionError:">java.lang.AssertionError: null
	at org.junit.Assert.fail(Assert.java:87)
	at org.junit.Assert.assertTrue(Assert.java:42)
	at org.junit.Assert.assertTrue(Assert.java:53)
	at org.antlr.v4.test.tool.BaseTest.execLexer(BaseTest.java:629)
	at org.antlr.v4.test.runtime.TestLexerExec.testUnicodeCharSet(TestLexerExec.java:4971)
</failure>
    <system-out><![CDATA[dir /var/folders/yr/jljyn54x2_s965_570vvdpqw0000gn/T/TestLexerExec-1615276631808
]]></system-out>
    <system-err><![CDATA[error: Source option 6 is no longer supported. Use 7 or later.
error: Target option 6 is no longer supported. Use 7 or later.
]]></system-err>
  </testcase>
  <testcase name="testGreedyClosure" classname="org.antlr.v4.test.runtime.TestLexerExec" time="0.011">
    <failure type="java.lang.AssertionError:">java.lang.AssertionError: null
	at org.junit.Assert.fail(Assert.java:87)
	at org.junit.Assert.assertTrue(Assert.java:42)
	at org.junit.Assert.assertTrue(Assert.java:53)
	at org.antlr.v4.test.tool.BaseTest.execLexer(BaseTest.java:629)
	at org.antlr.v4.test.runtime.TestLexerExec.testGreedyClosure(TestLexerExec.java:347)
</failure>
    <system-out><![CDATA[dir /var/folders/yr/jljyn54x2_s965_570vvdpqw0000gn/T/TestLexerExec-1615276631832
]]></system-out>
    <system-err><![CDATA[error: Source option 6 is no longer supported. Use 7 or later.
error: Target option 6 is no longer supported. Use 7 or later.
]]></system-err>
  </testcase>
  <testcase name="testNonGreedyPositiveClosure" classname="org.antlr.v4.test.runtime.TestLexerExec" time="0.011">
    <failure type="java.lang.AssertionError:">java.lang.AssertionError: null
	at org.junit.Assert.fail(Assert.java:87)
	at org.junit.Assert.assertTrue(Assert.java:42)
	at org.junit.Assert.assertTrue(Assert.java:53)
	at org.antlr.v4.test.tool.BaseTest.execLexer(BaseTest.java:629)
	at org.antlr.v4.test.runtime.TestLexerExec.testNonGreedyPositiveClosure(TestLexerExec.java:4578)
</failure>
    <system-out><![CDATA[dir /var/folders/yr/jljyn54x2_s965_570vvdpqw0000gn/T/TestLexerExec-1615276631843
]]></system-out>
    <system-err><![CDATA[error: Source option 6 is no longer supported. Use 7 or later.
error: Target option 6 is no longer supported. Use 7 or later.
]]></system-err>
  </testcase>
  <testcase name="testGreedyConfigs" classname="org.antlr.v4.test.runtime.TestLexerExec" time="0.017">
    <failure type="java.lang.AssertionError:">java.lang.AssertionError: null
	at org.junit.Assert.fail(Assert.java:87)
	at org.junit.Assert.assertTrue(Assert.java:42)
	at org.junit.Assert.assertTrue(Assert.java:53)
	at org.antlr.v4.test.tool.BaseTest.execLexer(BaseTest.java:629)
	at org.antlr.v4.test.runtime.TestLexerExec.testGreedyConfigs(TestLexerExec.java:367)
</failure>
    <system-out><![CDATA[dir /var/folders/yr/jljyn54x2_s965_570vvdpqw0000gn/T/TestLexerExec-1615276631854
]]></system-out>
    <system-err><![CDATA[error: Source option 6 is no longer supported. Use 7 or later.
error: Target option 6 is no longer supported. Use 7 or later.
]]></system-err>
  </testcase>
  <testcase name="testCharSetInSet" classname="org.antlr.v4.test.runtime.TestLexerExec" time="0.011">
    <failure type="java.lang.AssertionError:">java.lang.AssertionError: null
	at org.junit.Assert.fail(Assert.java:87)
	at org.junit.Assert.assertTrue(Assert.java:42)
	at org.junit.Assert.assertTrue(Assert.java:53)
	at org.antlr.v4.test.tool.BaseTest.execLexer(BaseTest.java:629)
	at org.antlr.v4.test.runtime.TestLexerExec.testCharSetInSet(TestLexerExec.java:74)
</failure>
    <system-out><![CDATA[dir /var/folders/yr/jljyn54x2_s965_570vvdpqw0000gn/T/TestLexerExec-1615276631871
]]></system-out>
    <system-err><![CDATA[error: Source option 6 is no longer supported. Use 7 or later.
error: Target option 6 is no longer supported. Use 7 or later.
]]></system-err>
  </testcase>
  <testcase name="testCharSetRange" classname="org.antlr.v4.test.runtime.TestLexerExec" time="0.013">
    <failure type="java.lang.AssertionError:">java.lang.AssertionError: null
	at org.junit.Assert.fail(Assert.java:87)
	at org.junit.Assert.assertTrue(Assert.java:42)
	at org.junit.Assert.assertTrue(Assert.java:53)
	at org.antlr.v4.test.tool.BaseTest.execLexer(BaseTest.java:629)
	at org.antlr.v4.test.runtime.TestLexerExec.testCharSetRange(TestLexerExec.java:144)
</failure>
    <system-out><![CDATA[dir /var/folders/yr/jljyn54x2_s965_570vvdpqw0000gn/T/TestLexerExec-1615276631882
]]></system-out>
    <system-err><![CDATA[error: Source option 6 is no longer supported. Use 7 or later.
error: Target option 6 is no longer supported. Use 7 or later.
]]></system-err>
  </testcase>
  <testcase name="testRefToRuleDoesNotSetTokenNorEmitAnother" classname="org.antlr.v4.test.runtime.TestLexerExec" time="0.015">
    <failure type="java.lang.AssertionError:">java.lang.AssertionError: null
	at org.junit.Assert.fail(Assert.java:87)
	at org.junit.Assert.assertTrue(Assert.java:42)
	at org.junit.Assert.assertTrue(Assert.java:53)
	at org.antlr.v4.test.tool.BaseTest.execLexer(BaseTest.java:629)
	at org.antlr.v4.test.runtime.TestLexerExec.testRefToRuleDoesNotSetTokenNorEmitAnother(TestLexerExec.java:4926)
</failure>
    <system-out><![CDATA[dir /var/folders/yr/jljyn54x2_s965_570vvdpqw0000gn/T/TestLexerExec-1615276631895
]]></system-out>
    <system-err><![CDATA[error: Source option 6 is no longer supported. Use 7 or later.
error: Target option 6 is no longer supported. Use 7 or later.
]]></system-err>
  </testcase>
  <testcase name="testRecursiveLexerRuleRefWithWildcardPlus_1" classname="org.antlr.v4.test.runtime.TestLexerExec" time="0.01">
    <failure type="java.lang.AssertionError:">java.lang.AssertionError: null
	at org.junit.Assert.fail(Assert.java:87)
	at org.junit.Assert.assertTrue(Assert.java:42)
	at org.junit.Assert.assertTrue(Assert.java:53)
	at org.antlr.v4.test.tool.BaseTest.execLexer(BaseTest.java:629)
	at org.antlr.v4.test.runtime.TestLexerExec.testRecursiveLexerRuleRefWithWildcardPlus_1(TestLexerExec.java:4822)
</failure>
    <system-out><![CDATA[dir /var/folders/yr/jljyn54x2_s965_570vvdpqw0000gn/T/TestLexerExec-1615276631910
]]></system-out>
    <system-err><![CDATA[error: Source option 6 is no longer supported. Use 7 or later.
error: Target option 6 is no longer supported. Use 7 or later.
]]></system-err>
  </testcase>
  <testcase name="testRecursiveLexerRuleRefWithWildcardPlus_2" classname="org.antlr.v4.test.runtime.TestLexerExec" time="0.013">
    <failure type="java.lang.AssertionError:">java.lang.AssertionError: null
	at org.junit.Assert.fail(Assert.java:87)
	at org.junit.Assert.assertTrue(Assert.java:42)
	at org.junit.Assert.assertTrue(Assert.java:53)
	at org.antlr.v4.test.tool.BaseTest.execLexer(BaseTest.java:629)
	at org.antlr.v4.test.runtime.TestLexerExec.testRecursiveLexerRuleRefWithWildcardPlus_2(TestLexerExec.java:4847)
</failure>
    <system-out><![CDATA[dir /var/folders/yr/jljyn54x2_s965_570vvdpqw0000gn/T/TestLexerExec-1615276631920
]]></system-out>
    <system-err><![CDATA[error: Source option 6 is no longer supported. Use 7 or later.
error: Target option 6 is no longer supported. Use 7 or later.
]]></system-err>
  </testcase>
  <testcase name="testRecursiveLexerRuleRefWithWildcardStar_1" classname="org.antlr.v4.test.runtime.TestLexerExec" time="0.012">
    <failure type="java.lang.AssertionError:">java.lang.AssertionError: null
	at org.junit.Assert.fail(Assert.java:87)
	at org.junit.Assert.assertTrue(Assert.java:42)
	at org.junit.Assert.assertTrue(Assert.java:53)
	at org.antlr.v4.test.tool.BaseTest.execLexer(BaseTest.java:629)
	at org.antlr.v4.test.runtime.TestLexerExec.testRecursiveLexerRuleRefWithWildcardStar_1(TestLexerExec.java:4875)
</failure>
    <system-out><![CDATA[dir /var/folders/yr/jljyn54x2_s965_570vvdpqw0000gn/T/TestLexerExec-1615276631933
]]></system-out>
    <system-err><![CDATA[error: Source option 6 is no longer supported. Use 7 or later.
error: Target option 6 is no longer supported. Use 7 or later.
]]></system-err>
  </testcase>
  <testcase name="testRecursiveLexerRuleRefWithWildcardStar_2" classname="org.antlr.v4.test.runtime.TestLexerExec" time="0.01">
    <failure type="java.lang.AssertionError:">java.lang.AssertionError: null
	at org.junit.Assert.fail(Assert.java:87)
	at org.junit.Assert.assertTrue(Assert.java:42)
	at org.junit.Assert.assertTrue(Assert.java:53)
	at org.antlr.v4.test.tool.BaseTest.execLexer(BaseTest.java:629)
	at org.antlr.v4.test.runtime.TestLexerExec.testRecursiveLexerRuleRefWithWildcardStar_2(TestLexerExec.java:4900)
</failure>
    <system-out><![CDATA[dir /var/folders/yr/jljyn54x2_s965_570vvdpqw0000gn/T/TestLexerExec-1615276631945
]]></system-out>
    <system-err><![CDATA[error: Source option 6 is no longer supported. Use 7 or later.
error: Target option 6 is no longer supported. Use 7 or later.
]]></system-err>
  </testcase>
  <testcase name="testNonGreedyOptional" classname="org.antlr.v4.test.runtime.TestLexerExec" time="0.01">
    <failure type="java.lang.AssertionError:">java.lang.AssertionError: null
	at org.junit.Assert.fail(Assert.java:87)
	at org.junit.Assert.assertTrue(Assert.java:42)
	at org.junit.Assert.assertTrue(Assert.java:53)
	at org.antlr.v4.test.tool.BaseTest.execLexer(BaseTest.java:629)
	at org.antlr.v4.test.runtime.TestLexerExec.testNonGreedyOptional(TestLexerExec.java:4556)
</failure>
    <system-out><![CDATA[dir /var/folders/yr/jljyn54x2_s965_570vvdpqw0000gn/T/TestLexerExec-1615276631955
]]></system-out>
    <system-err><![CDATA[error: Source option 6 is no longer supported. Use 7 or later.
error: Target option 6 is no longer supported. Use 7 or later.
]]></system-err>
  </testcase>
  <testcase name="testCharSetWithQuote1" classname="org.antlr.v4.test.runtime.TestLexerExec" time="0.01">
    <failure type="java.lang.AssertionError:">java.lang.AssertionError: null
	at org.junit.Assert.fail(Assert.java:87)
	at org.junit.Assert.assertTrue(Assert.java:42)
	at org.junit.Assert.assertTrue(Assert.java:53)
	at org.antlr.v4.test.tool.BaseTest.execLexer(BaseTest.java:629)
	at org.antlr.v4.test.runtime.TestLexerExec.testCharSetWithQuote1(TestLexerExec.java:232)
</failure>
    <system-out><![CDATA[dir /var/folders/yr/jljyn54x2_s965_570vvdpqw0000gn/T/TestLexerExec-1615276631966
]]></system-out>
    <system-err><![CDATA[error: Source option 6 is no longer supported. Use 7 or later.
error: Target option 6 is no longer supported. Use 7 or later.
]]></system-err>
  </testcase>
  <testcase name="testCharSetWithQuote2" classname="org.antlr.v4.test.runtime.TestLexerExec" time="0.013">
    <failure type="java.lang.AssertionError:">java.lang.AssertionError: null
	at org.junit.Assert.fail(Assert.java:87)
	at org.junit.Assert.assertTrue(Assert.java:42)
	at org.junit.Assert.assertTrue(Assert.java:53)
	at org.antlr.v4.test.tool.BaseTest.execLexer(BaseTest.java:629)
	at org.antlr.v4.test.runtime.TestLexerExec.testCharSetWithQuote2(TestLexerExec.java:252)
</failure>
    <system-out><![CDATA[dir /var/folders/yr/jljyn54x2_s965_570vvdpqw0000gn/T/TestLexerExec-1615276631976
]]></system-out>
    <system-err><![CDATA[error: Source option 6 is no longer supported. Use 7 or later.
error: Target option 6 is no longer supported. Use 7 or later.
]]></system-err>
  </testcase>
  <testcase name="testEOFByItself" classname="org.antlr.v4.test.runtime.TestLexerExec" time="0.01">
    <failure type="java.lang.AssertionError:">java.lang.AssertionError: null
	at org.junit.Assert.fail(Assert.java:87)
	at org.junit.Assert.assertTrue(Assert.java:42)
	at org.junit.Assert.assertTrue(Assert.java:53)
	at org.antlr.v4.test.tool.BaseTest.execLexer(BaseTest.java:629)
	at org.antlr.v4.test.runtime.TestLexerExec.testEOFByItself(TestLexerExec.java:272)
</failure>
    <system-out><![CDATA[dir /var/folders/yr/jljyn54x2_s965_570vvdpqw0000gn/T/TestLexerExec-1615276631989
]]></system-out>
    <system-err><![CDATA[error: Source option 6 is no longer supported. Use 7 or later.
error: Target option 6 is no longer supported. Use 7 or later.
]]></system-err>
  </testcase>
  <testcase name="testKeywordID" classname="org.antlr.v4.test.runtime.TestLexerExec" time="0.009">
    <failure type="java.lang.AssertionError:">java.lang.AssertionError: null
	at org.junit.Assert.fail(Assert.java:87)
	at org.junit.Assert.assertTrue(Assert.java:42)
	at org.junit.Assert.assertTrue(Assert.java:53)
	at org.antlr.v4.test.tool.BaseTest.execLexer(BaseTest.java:629)
	at org.antlr.v4.test.runtime.TestLexerExec.testKeywordID(TestLexerExec.java:466)
</failure>
    <system-out><![CDATA[dir /var/folders/yr/jljyn54x2_s965_570vvdpqw0000gn/T/TestLexerExec-1615276632000
]]></system-out>
    <system-err><![CDATA[error: Source option 6 is no longer supported. Use 7 or later.
error: Target option 6 is no longer supported. Use 7 or later.
]]></system-err>
  </testcase>
  <testcase name="testCharSetPlus" classname="org.antlr.v4.test.runtime.TestLexerExec" time="0.01">
    <failure type="java.lang.AssertionError:">java.lang.AssertionError: null
	at org.junit.Assert.fail(Assert.java:87)
	at org.junit.Assert.assertTrue(Assert.java:42)
	at org.junit.Assert.assertTrue(Assert.java:53)
	at org.antlr.v4.test.tool.BaseTest.execLexer(BaseTest.java:629)
	at org.antlr.v4.test.runtime.TestLexerExec.testCharSetPlus(TestLexerExec.java:118)
</failure>
    <system-out><![CDATA[dir /var/folders/yr/jljyn54x2_s965_570vvdpqw0000gn/T/TestLexerExec-1615276632009
]]></system-out>
    <system-err><![CDATA[error: Source option 6 is no longer supported. Use 7 or later.
error: Target option 6 is no longer supported. Use 7 or later.
]]></system-err>
  </testcase>
  <testcase name="testGreedyPositiveClosure" classname="org.antlr.v4.test.runtime.TestLexerExec" time="0.011">
    <failure type="java.lang.AssertionError:">java.lang.AssertionError: null
	at org.junit.Assert.fail(Assert.java:87)
	at org.junit.Assert.assertTrue(Assert.java:42)
	at org.junit.Assert.assertTrue(Assert.java:53)
	at org.antlr.v4.test.tool.BaseTest.execLexer(BaseTest.java:629)
	at org.antlr.v4.test.runtime.TestLexerExec.testGreedyPositiveClosure(TestLexerExec.java:410)
</failure>
    <system-out><![CDATA[dir /var/folders/yr/jljyn54x2_s965_570vvdpqw0000gn/T/TestLexerExec-1615276632019
]]></system-out>
    <system-err><![CDATA[error: Source option 6 is no longer supported. Use 7 or later.
error: Target option 6 is no longer supported. Use 7 or later.
]]></system-err>
  </testcase>
  <testcase name="testActionPlacement" classname="org.antlr.v4.test.runtime.TestLexerExec" time="0.013">
    <failure type="java.lang.AssertionError:">java.lang.AssertionError: null
	at org.junit.Assert.fail(Assert.java:87)
	at org.junit.Assert.assertTrue(Assert.java:42)
	at org.junit.Assert.assertTrue(Assert.java:53)
	at org.antlr.v4.test.tool.BaseTest.execLexer(BaseTest.java:629)
	at org.antlr.v4.test.runtime.TestLexerExec.testActionPlacement(TestLexerExec.java:27)
</failure>
    <system-out><![CDATA[dir /var/folders/yr/jljyn54x2_s965_570vvdpqw0000gn/T/TestLexerExec-1615276632030
]]></system-out>
    <system-err><![CDATA[error: Source option 6 is no longer supported. Use 7 or later.
error: Target option 6 is no longer supported. Use 7 or later.
]]></system-err>
  </testcase>
  <testcase name="testNonGreedyClosure" classname="org.antlr.v4.test.runtime.TestLexerExec" time="0.011">
    <failure type="java.lang.AssertionError:">java.lang.AssertionError: null
	at org.junit.Assert.fail(Assert.java:87)
	at org.junit.Assert.assertTrue(Assert.java:42)
	at org.junit.Assert.assertTrue(Assert.java:53)
	at org.antlr.v4.test.tool.BaseTest.execLexer(BaseTest.java:629)
	at org.antlr.v4.test.runtime.TestLexerExec.testNonGreedyClosure(TestLexerExec.java:4511)
</failure>
    <system-out><![CDATA[dir /var/folders/yr/jljyn54x2_s965_570vvdpqw0000gn/T/TestLexerExec-1615276632043
]]></system-out>
    <system-err><![CDATA[error: Source option 6 is no longer supported. Use 7 or later.
error: Target option 6 is no longer supported. Use 7 or later.
]]></system-err>
  </testcase>
  <testcase name="testPositionAdjustingLexer" classname="org.antlr.v4.test.runtime.TestLexerExec" time="0.014">
    <failure type="java.lang.AssertionError:">java.lang.AssertionError: null
	at org.junit.Assert.fail(Assert.java:87)
	at org.junit.Assert.assertTrue(Assert.java:42)
	at org.junit.Assert.assertTrue(Assert.java:53)
	at org.antlr.v4.test.tool.BaseTest.execLexer(BaseTest.java:629)
	at org.antlr.v4.test.runtime.TestLexerExec.testPositionAdjustingLexer(TestLexerExec.java:4774)
</failure>
    <system-out><![CDATA[dir /var/folders/yr/jljyn54x2_s965_570vvdpqw0000gn/T/TestLexerExec-1615276632054
]]></system-out>
    <system-err><![CDATA[error: Source option 6 is no longer supported. Use 7 or later.
error: Target option 6 is no longer supported. Use 7 or later.
]]></system-err>
  </testcase>
  <testcase name="testNonGreedyConfigs" classname="org.antlr.v4.test.runtime.TestLexerExec" time="0.01">
    <failure type="java.lang.AssertionError:">java.lang.AssertionError: null
	at org.junit.Assert.fail(Assert.java:87)
	at org.junit.Assert.assertTrue(Assert.java:42)
	at org.junit.Assert.assertTrue(Assert.java:53)
	at org.antlr.v4.test.tool.BaseTest.execLexer(BaseTest.java:629)
	at org.antlr.v4.test.runtime.TestLexerExec.testNonGreedyConfigs(TestLexerExec.java:4532)
</failure>
    <system-out><![CDATA[dir /var/folders/yr/jljyn54x2_s965_570vvdpqw0000gn/T/TestLexerExec-1615276632068
]]></system-out>
    <system-err><![CDATA[error: Source option 6 is no longer supported. Use 7 or later.
error: Target option 6 is no longer supported. Use 7 or later.
]]></system-err>
  </testcase>
  <testcase name="testEOFSuffixInFirstRule_1" classname="org.antlr.v4.test.runtime.TestLexerExec" time="0.009">
    <failure type="java.lang.AssertionError:">java.lang.AssertionError: null
	at org.junit.Assert.fail(Assert.java:87)
	at org.junit.Assert.assertTrue(Assert.java:42)
	at org.junit.Assert.assertTrue(Assert.java:53)
	at org.antlr.v4.test.tool.BaseTest.execLexer(BaseTest.java:629)
	at org.antlr.v4.test.runtime.TestLexerExec.testEOFSuffixInFirstRule_1(TestLexerExec.java:292)
</failure>
    <system-out><![CDATA[dir /var/folders/yr/jljyn54x2_s965_570vvdpqw0000gn/T/TestLexerExec-1615276632078
]]></system-out>
    <system-err><![CDATA[error: Source option 6 is no longer supported. Use 7 or later.
error: Target option 6 is no longer supported. Use 7 or later.
]]></system-err>
  </testcase>
  <testcase name="testEOFSuffixInFirstRule_2" classname="org.antlr.v4.test.runtime.TestLexerExec" time="0.011">
    <failure type="java.lang.AssertionError:">java.lang.AssertionError: null
	at org.junit.Assert.fail(Assert.java:87)
	at org.junit.Assert.assertTrue(Assert.java:42)
	at org.junit.Assert.assertTrue(Assert.java:53)
	at org.antlr.v4.test.tool.BaseTest.execLexer(BaseTest.java:629)
	at org.antlr.v4.test.runtime.TestLexerExec.testEOFSuffixInFirstRule_2(TestLexerExec.java:310)
</failure>
    <system-out><![CDATA[dir /var/folders/yr/jljyn54x2_s965_570vvdpqw0000gn/T/TestLexerExec-1615276632087
]]></system-out>
    <system-err><![CDATA[error: Source option 6 is no longer supported. Use 7 or later.
error: Target option 6 is no longer supported. Use 7 or later.
]]></system-err>
  </testcase>
  <testcase name="testCharSetNot" classname="org.antlr.v4.test.runtime.TestLexerExec" time="0.01">
    <failure type="java.lang.AssertionError:">java.lang.AssertionError: null
	at org.junit.Assert.fail(Assert.java:87)
	at org.junit.Assert.assertTrue(Assert.java:42)
	at org.junit.Assert.assertTrue(Assert.java:53)
	at org.antlr.v4.test.tool.BaseTest.execLexer(BaseTest.java:629)
	at org.antlr.v4.test.runtime.TestLexerExec.testCharSetNot(TestLexerExec.java:96)
</failure>
    <system-out><![CDATA[dir /var/folders/yr/jljyn54x2_s965_570vvdpqw0000gn/T/TestLexerExec-1615276632098
]]></system-out>
    <system-err><![CDATA[error: Source option 6 is no longer supported. Use 7 or later.
error: Target option 6 is no longer supported. Use 7 or later.
]]></system-err>
  </testcase>
  <testcase name="testCharSetWithEscapedChar" classname="org.antlr.v4.test.runtime.TestLexerExec" time="0.009">
    <failure type="java.lang.AssertionError:">java.lang.AssertionError: null
	at org.junit.Assert.fail(Assert.java:87)
	at org.junit.Assert.assertTrue(Assert.java:42)
	at org.junit.Assert.assertTrue(Assert.java:53)
	at org.antlr.v4.test.tool.BaseTest.execLexer(BaseTest.java:629)
	at org.antlr.v4.test.runtime.TestLexerExec.testCharSetWithEscapedChar(TestLexerExec.java:170)
</failure>
    <system-out><![CDATA[dir /var/folders/yr/jljyn54x2_s965_570vvdpqw0000gn/T/TestLexerExec-1615276632108
]]></system-out>
    <system-err><![CDATA[error: Source option 6 is no longer supported. Use 7 or later.
error: Target option 6 is no longer supported. Use 7 or later.
]]></system-err>
  </testcase>
  <testcase name="testGreedyOptional" classname="org.antlr.v4.test.runtime.TestLexerExec" time="0.012">
    <failure type="java.lang.AssertionError:">java.lang.AssertionError: null
	at org.junit.Assert.fail(Assert.java:87)
	at org.junit.Assert.assertTrue(Assert.java:42)
	at org.junit.Assert.assertTrue(Assert.java:53)
	at org.antlr.v4.test.tool.BaseTest.execLexer(BaseTest.java:629)
	at org.antlr.v4.test.runtime.TestLexerExec.testGreedyOptional(TestLexerExec.java:389)
</failure>
    <system-out><![CDATA[dir /var/folders/yr/jljyn54x2_s965_570vvdpqw0000gn/T/TestLexerExec-1615276632117
]]></system-out>
    <system-err><![CDATA[error: Source option 6 is no longer supported. Use 7 or later.
error: Target option 6 is no longer supported. Use 7 or later.
]]></system-err>
  </testcase>
  <testcase name="testCharSet" classname="org.antlr.v4.test.runtime.TestLexerExec" time="0.009">
    <failure type="java.lang.AssertionError:">java.lang.AssertionError: null
	at org.junit.Assert.fail(Assert.java:87)
	at org.junit.Assert.assertTrue(Assert.java:42)
	at org.junit.Assert.assertTrue(Assert.java:53)
	at org.antlr.v4.test.tool.BaseTest.execLexer(BaseTest.java:629)
	at org.antlr.v4.test.runtime.TestLexerExec.testCharSet(TestLexerExec.java:52)
</failure>
    <system-out><![CDATA[dir /var/folders/yr/jljyn54x2_s965_570vvdpqw0000gn/T/TestLexerExec-1615276632129
]]></system-out>
    <system-err><![CDATA[error: Source option 6 is no longer supported. Use 7 or later.
error: Target option 6 is no longer supported. Use 7 or later.
]]></system-err>
  </testcase>
  <testcase name="testParentheses" classname="org.antlr.v4.test.runtime.TestLexerExec" time="0.011">
    <failure type="java.lang.AssertionError:">java.lang.AssertionError: null
	at org.junit.Assert.fail(Assert.java:87)
	at org.junit.Assert.assertTrue(Assert.java:42)
	at org.junit.Assert.assertTrue(Assert.java:53)
	at org.antlr.v4.test.tool.BaseTest.execLexer(BaseTest.java:629)
	at org.antlr.v4.test.runtime.TestLexerExec.testParentheses(TestLexerExec.java:4639)
</failure>
    <system-out><![CDATA[dir /var/folders/yr/jljyn54x2_s965_570vvdpqw0000gn/T/TestLexerExec-1615276632138
]]></system-out>
    <system-err><![CDATA[error: Source option 6 is no longer supported. Use 7 or later.
error: Target option 6 is no longer supported. Use 7 or later.
]]></system-err>
  </testcase>
  <testcase name="testCharSetWithMissingEndRange" classname="org.antlr.v4.test.runtime.TestLexerExec" time="0.012">
    <failure type="java.lang.AssertionError:">java.lang.AssertionError: null
	at org.junit.Assert.fail(Assert.java:87)
	at org.junit.Assert.assertTrue(Assert.java:42)
	at org.junit.Assert.assertTrue(Assert.java:53)
	at org.antlr.v4.test.tool.BaseTest.execLexer(BaseTest.java:629)
	at org.antlr.v4.test.runtime.TestLexerExec.testCharSetWithMissingEndRange(TestLexerExec.java:192)
</failure>
    <system-out><![CDATA[dir /var/folders/yr/jljyn54x2_s965_570vvdpqw0000gn/T/TestLexerExec-1615276632149
]]></system-out>
    <system-err><![CDATA[error: Source option 6 is no longer supported. Use 7 or later.
error: Target option 6 is no longer supported. Use 7 or later.
]]></system-err>
  </testcase>
  <testcase name="testHexVsID" classname="org.antlr.v4.test.runtime.TestLexerExec" time="0.013">
    <failure type="java.lang.AssertionError:">java.lang.AssertionError: null
	at org.junit.Assert.fail(Assert.java:87)
	at org.junit.Assert.assertTrue(Assert.java:42)
	at org.junit.Assert.assertTrue(Assert.java:53)
	at org.antlr.v4.test.tool.BaseTest.execLexer(BaseTest.java:629)
	at org.antlr.v4.test.runtime.TestLexerExec.testHexVsID(TestLexerExec.java:434)
</failure>
    <system-out><![CDATA[dir /var/folders/yr/jljyn54x2_s965_570vvdpqw0000gn/T/TestLexerExec-1615276632161
]]></system-out>
    <system-err><![CDATA[error: Source option 6 is no longer supported. Use 7 or later.
error: Target option 6 is no longer supported. Use 7 or later.
]]></system-err>
  </testcase>
  <testcase name="testCharSetWithMissingEscapeChar" classname="org.antlr.v4.test.runtime.TestLexerExec" time="0.008">
    <failure type="java.lang.AssertionError:">java.lang.AssertionError: null
	at org.junit.Assert.fail(Assert.java:87)
	at org.junit.Assert.assertTrue(Assert.java:42)
	at org.junit.Assert.assertTrue(Assert.java:53)
	at org.antlr.v4.test.tool.BaseTest.execLexer(BaseTest.java:629)
	at org.antlr.v4.test.runtime.TestLexerExec.testCharSetWithMissingEscapeChar(TestLexerExec.java:212)
</failure>
    <system-out><![CDATA[dir /var/folders/yr/jljyn54x2_s965_570vvdpqw0000gn/T/TestLexerExec-1615276632174
]]></system-out>
    <system-err><![CDATA[error: Source option 6 is no longer supported. Use 7 or later.
error: Target option 6 is no longer supported. Use 7 or later.
]]></system-err>
  </testcase>
  <testcase name="testZeroLengthToken" classname="org.antlr.v4.test.runtime.TestLexerExec" time="0.013">
    <failure type="java.lang.AssertionError:">java.lang.AssertionError: null
	at org.junit.Assert.fail(Assert.java:87)
	at org.junit.Assert.assertTrue(Assert.java:42)
	at org.junit.Assert.assertTrue(Assert.java:53)
	at org.antlr.v4.test.tool.BaseTest.execLexer(BaseTest.java:629)
	at org.antlr.v4.test.runtime.TestLexerExec.testZeroLengthToken(TestLexerExec.java:4996)
</failure>
    <system-out><![CDATA[dir /var/folders/yr/jljyn54x2_s965_570vvdpqw0000gn/T/TestLexerExec-1615276632183
]]></system-out>
    <system-err><![CDATA[antlr reports warnings from [-o, /var/folders/yr/jljyn54x2_s965_570vvdpqw0000gn/T/TestLexerExec-1615276632183, -lib, /var/folders/yr/jljyn54x2_s965_570vvdpqw0000gn/T/TestLexerExec-1615276632183, -encoding, UTF-8, /var/folders/yr/jljyn54x2_s965_570vvdpqw0000gn/T/TestLexerExec-1615276632183/L.g4]
Message{errorType=EPSILON_TOKEN, args=[StringMode_Done], e=null, fileName='/var/folders/yr/jljyn54x2_s965_570vvdpqw0000gn/T/TestLexerExec-1615276632183/L.g4', line=7, charPosition=1}
antlr reports warnings from [-o, /var/folders/yr/jljyn54x2_s965_570vvdpqw0000gn/T/TestLexerExec-1615276632183, -lib, /var/folders/yr/jljyn54x2_s965_570vvdpqw0000gn/T/TestLexerExec-1615276632183, -encoding, UTF-8, /var/folders/yr/jljyn54x2_s965_570vvdpqw0000gn/T/TestLexerExec-1615276632183/L.g4]
Message{errorType=EPSILON_TOKEN, args=[StringMode_Done], e=null, fileName='/var/folders/yr/jljyn54x2_s965_570vvdpqw0000gn/T/TestLexerExec-1615276632183/L.g4', line=7, charPosition=1}
error: Source option 6 is no longer supported. Use 7 or later.
error: Target option 6 is no longer supported. Use 7 or later.
]]></system-err>
  </testcase>
  <testcase name="testNonGreedyTermination1" classname="org.antlr.v4.test.runtime.TestLexerExec" time="0.009">
    <failure type="java.lang.AssertionError:">java.lang.AssertionError: null
	at org.junit.Assert.fail(Assert.java:87)
	at org.junit.Assert.assertTrue(Assert.java:42)
	at org.junit.Assert.assertTrue(Assert.java:53)
	at org.antlr.v4.test.tool.BaseTest.execLexer(BaseTest.java:629)
	at org.antlr.v4.test.runtime.TestLexerExec.testNonGreedyTermination1(TestLexerExec.java:4597)
</failure>
    <system-out><![CDATA[dir /var/folders/yr/jljyn54x2_s965_570vvdpqw0000gn/T/TestLexerExec-1615276632196
]]></system-out>
    <system-err><![CDATA[error: Source option 6 is no longer supported. Use 7 or later.
error: Target option 6 is no longer supported. Use 7 or later.
]]></system-err>
  </testcase>
  <testcase name="testNonGreedyTermination2" classname="org.antlr.v4.test.runtime.TestLexerExec" time="0.008">
    <failure type="java.lang.AssertionError:">java.lang.AssertionError: null
	at org.junit.Assert.fail(Assert.java:87)
	at org.junit.Assert.assertTrue(Assert.java:42)
	at org.junit.Assert.assertTrue(Assert.java:53)
	at org.antlr.v4.test.tool.BaseTest.execLexer(BaseTest.java:629)
	at org.antlr.v4.test.runtime.TestLexerExec.testNonGreedyTermination2(TestLexerExec.java:4616)
</failure>
    <system-out><![CDATA[dir /var/folders/yr/jljyn54x2_s965_570vvdpqw0000gn/T/TestLexerExec-1615276632205
]]></system-out>
    <system-err><![CDATA[error: Source option 6 is no longer supported. Use 7 or later.
error: Target option 6 is no longer supported. Use 7 or later.
]]></system-err>
  </testcase>
  <testcase name="testLargeLexer" classname="org.antlr.v4.test.runtime.TestLexerExec" time="1.231">
    <failure type="java.lang.AssertionError:">java.lang.AssertionError: null
	at org.junit.Assert.fail(Assert.java:87)
	at org.junit.Assert.assertTrue(Assert.java:42)
	at org.junit.Assert.assertTrue(Assert.java:53)
	at org.antlr.v4.test.tool.BaseTest.execLexer(BaseTest.java:629)
	at org.antlr.v4.test.runtime.TestLexerExec.testLargeLexer(TestLexerExec.java:4490)
</failure>
    <system-out><![CDATA[dir /var/folders/yr/jljyn54x2_s965_570vvdpqw0000gn/T/TestLexerExec-1615276632213
]]></system-out>
    <system-err><![CDATA[error: Source option 6 is no longer supported. Use 7 or later.
error: Target option 6 is no longer supported. Use 7 or later.
]]></system-err>
  </testcase>
  <testcase name="testQuoteTranslation" classname="org.antlr.v4.test.runtime.TestLexerExec" time="0.009">
    <failure type="java.lang.AssertionError:">java.lang.AssertionError: null
	at org.junit.Assert.fail(Assert.java:87)
	at org.junit.Assert.assertTrue(Assert.java:42)
	at org.junit.Assert.assertTrue(Assert.java:53)
	at org.antlr.v4.test.tool.BaseTest.execLexer(BaseTest.java:629)
	at org.antlr.v4.test.runtime.TestLexerExec.testQuoteTranslation(TestLexerExec.java:4800)
</failure>
    <system-out><![CDATA[dir /var/folders/yr/jljyn54x2_s965_570vvdpqw0000gn/T/TestLexerExec-1615276633444
]]></system-out>
    <system-err><![CDATA[error: Source option 6 is no longer supported. Use 7 or later.
error: Target option 6 is no longer supported. Use 7 or later.
]]></system-err>
  </testcase>
  <testcase name="testEscapeTargetStringLiteral" classname="org.antlr.v4.test.runtime.TestLexerExec" time="0.008">
    <failure type="java.lang.AssertionError:">java.lang.AssertionError: null
	at org.junit.Assert.fail(Assert.java:87)
	at org.junit.Assert.assertTrue(Assert.java:42)
	at org.junit.Assert.assertTrue(Assert.java:53)
	at org.antlr.v4.test.tool.BaseTest.execLexer(BaseTest.java:629)
	at org.antlr.v4.test.runtime.TestLexerExec.testEscapeTargetStringLiteral(TestLexerExec.java:328)
</failure>
    <system-out><![CDATA[dir /var/folders/yr/jljyn54x2_s965_570vvdpqw0000gn/T/TestLexerExec-1615276633453
]]></system-out>
    <system-err><![CDATA[error: Source option 6 is no longer supported. Use 7 or later.
error: Target option 6 is no longer supported. Use 7 or later.
]]></system-err>
  </testcase>
  <testcase name="testSlashes" classname="org.antlr.v4.test.runtime.TestLexerExec" time="0.01">
    <failure type="java.lang.AssertionError:">java.lang.AssertionError: null
	at org.junit.Assert.fail(Assert.java:87)
	at org.junit.Assert.assertTrue(Assert.java:42)
	at org.junit.Assert.assertTrue(Assert.java:53)
	at org.antlr.v4.test.tool.BaseTest.execLexer(BaseTest.java:629)
	at org.antlr.v4.test.runtime.TestLexerExec.testSlashes(TestLexerExec.java:4950)
</failure>
    <system-out><![CDATA[dir /var/folders/yr/jljyn54x2_s965_570vvdpqw0000gn/T/TestLexerExec-1615276633461
]]></system-out>
    <system-err><![CDATA[error: Source option 6 is no longer supported. Use 7 or later.
error: Target option 6 is no longer supported. Use 7 or later.
]]></system-err>
  </testcase>
</testsuite>