<?xml version="1.0" encoding="UTF-8"?>
<testsuite name="org.antlr.v4.test.tool.TestScopeParsing" time="0.026" tests="25" errors="0" skipped="0" failures="0">
  <properties>
    <property name="java.runtime.name" value="OpenJDK Runtime Environment"/>
    <property name="java.vm.version" value="13.0.2+8"/>
    <property name="sun.boot.library.path" value="/Library/Java/JavaVirtualMachines/adoptopenjdk-13.jdk/Contents/Home/lib"/>
    <property name="maven.multiModuleProjectDirectory" value="/Users/sbacha/antlr4/antlr4-4.9.0-opt"/>
    <property name="java.vm.vendor" value="AdoptOpenJDK"/>
    <property name="java.vendor.url" value="https://adoptopenjdk.net/"/>
    <property name="path.separator" value=":"/>
    <property name="guice.disable.misplaced.annotation.check" value="true"/>
    <property name="java.vm.name" value="OpenJDK 64-Bit Server VM"/>
    <property name="user.country" value="US"/>
    <property name="sun.java.launcher" value="SUN_STANDARD"/>
    <property name="user.dir" value="/Users/sbacha/antlr4/antlr4-4.9.0-opt"/>
    <property name="java.vm.compressedOopsMode" value="Zero based"/>
    <property name="java.vm.specification.name" value="Java Virtual Machine Specification"/>
    <property name="java.runtime.version" value="13.0.2+8"/>
    <property name="os.arch" value="x86_64"/>
    <property name="java.io.tmpdir" value="/var/folders/yr/jljyn54x2_s965_570vvdpqw0000gn/T/"/>
    <property name="line.separator" value="&#10;"/>
    <property name="java.vm.specification.vendor" value="Oracle Corporation"/>
    <property name="os.name" value="Mac OS X"/>
    <property name="classworlds.conf" value="/usr/local/Cellar/maven/3.6.3_1/libexec/bin/m2.conf"/>
    <property name="sun.jnu.encoding" value="UTF-8"/>
    <property name="java.library.path" value="/Users/sbacha/Library/Java/Extensions:/Library/Java/Extensions:/Network/Library/Java/Extensions:/System/Library/Java/Extensions:/usr/lib/java:."/>
    <property name="maven.conf" value="/usr/local/Cellar/maven/3.6.3_1/libexec/conf"/>
    <property name="jdk.debug" value="release"/>
    <property name="java.class.version" value="57.0"/>
    <property name="java.specification.name" value="Java Platform API Specification"/>
    <property name="sun.management.compiler" value="HotSpot 64-Bit Tiered Compilers"/>
    <property name="os.version" value="10.15.5"/>
    <property name="http.nonProxyHosts" value="local, 169.254/16|*.local, 169.254/16"/>
    <property name="library.jansi.path" value="/usr/local/Cellar/maven/3.6.3_1/libexec/lib/jansi-native"/>
    <property name="user.home" value="/Users/sbacha"/>
    <property name="user.timezone" value="America/Los_Angeles"/>
    <property name="file.encoding" value="UTF-8"/>
    <property name="java.specification.version" value="13"/>
    <property name="user.name" value="sbacha"/>
    <property name="java.class.path" value="/usr/local/Cellar/maven/3.6.3_1/libexec/boot/plexus-classworlds-2.6.0.jar"/>
    <property name="java.vm.specification.version" value="13"/>
    <property name="sun.arch.data.model" value="64"/>
    <property name="sun.java.command" value="org.codehaus.plexus.classworlds.launcher.Launcher clean package"/>
    <property name="java.home" value="/Library/Java/JavaVirtualMachines/adoptopenjdk-13.jdk/Contents/Home"/>
    <property name="user.language" value="en"/>
    <property name="java.specification.vendor" value="Oracle Corporation"/>
    <property name="java.vm.info" value="mixed mode, sharing"/>
    <property name="java.version" value="13.0.2"/>
    <property name="java.vendor" value="AdoptOpenJDK"/>
    <property name="maven.home" value="/usr/local/Cellar/maven/3.6.3_1/libexec"/>
    <property name="file.separator" value="/"/>
    <property name="java.version.date" value="2020-01-14"/>
    <property name="java.vendor.url.bug" value="https://github.com/AdoptOpenJDK/openjdk-support/issues"/>
    <property name="sun.cpu.endian" value="little"/>
    <property name="sun.io.unicode.encoding" value="UnicodeBig"/>
    <property name="sun.font.fontmanager" value="sun.font.CFontManager"/>
    <property name="java.vendor.version" value="AdoptOpenJDK"/>
    <property name="socksNonProxyHosts" value="local, 169.254/16|*.local, 169.254/16"/>
    <property name="ftp.nonProxyHosts" value="local, 169.254/16|*.local, 169.254/16"/>
  </properties>
  <testcase name="testArgs[]" classname="org.antlr.v4.test.tool.TestScopeParsing" time="0.001"/>
  <testcase name="testArgs[ ]" classname="org.antlr.v4.test.tool.TestScopeParsing" time="0.001"/>
  <testcase name="testArgs[int i]" classname="org.antlr.v4.test.tool.TestScopeParsing" time="0.001"/>
  <testcase name="testArgs[int[] i, int j[]]" classname="org.antlr.v4.test.tool.TestScopeParsing" time="0.001"/>
  <testcase name="testArgs[Map&lt;A,B&gt;[] i, int j[]]" classname="org.antlr.v4.test.tool.TestScopeParsing" time="0.001"/>
  <testcase name="testArgs[Map&lt;A,List&lt;B&gt;&gt;[] i]" classname="org.antlr.v4.test.tool.TestScopeParsing" time="0.001"/>
  <testcase name="testArgs[int i = 34+a[3], int j[] = new int[34]]" classname="org.antlr.v4.test.tool.TestScopeParsing" time="0.001"/>
  <testcase name="testArgs[char *[3] foo = {1,2,3}]" classname="org.antlr.v4.test.tool.TestScopeParsing" time="0.001"/>
  <testcase name="testArgs[String[] headers]" classname="org.antlr.v4.test.tool.TestScopeParsing" time="0.001"/>
  <testcase name="testArgs[std::vector&lt;std::string&gt; x]" classname="org.antlr.v4.test.tool.TestScopeParsing" time="0.001"/>
  <testcase name="testArgs[i]" classname="org.antlr.v4.test.tool.TestScopeParsing" time="0.001"/>
  <testcase name="testArgs[i,j]" classname="org.antlr.v4.test.tool.TestScopeParsing" time="0.001"/>
  <testcase name="testArgs[i	,j, k]" classname="org.antlr.v4.test.tool.TestScopeParsing" time="0.001"/>
  <testcase name="testArgs[x: int]" classname="org.antlr.v4.test.tool.TestScopeParsing" time="0.001"/>
  <testcase name="testArgs[x :int]" classname="org.antlr.v4.test.tool.TestScopeParsing" time="0.001"/>
  <testcase name="testArgs[x:int]" classname="org.antlr.v4.test.tool.TestScopeParsing" time="0.002"/>
  <testcase name="testArgs[x:int=3]" classname="org.antlr.v4.test.tool.TestScopeParsing" time="0.001"/>
  <testcase name="testArgs[r:Rectangle=Rectangle(fromLength: 6, fromBreadth: 12)]" classname="org.antlr.v4.test.tool.TestScopeParsing" time="0.001"/>
  <testcase name="testArgs[p:pointer to int]" classname="org.antlr.v4.test.tool.TestScopeParsing" time="0.001"/>
  <testcase name="testArgs[a: array[3] of int]" classname="org.antlr.v4.test.tool.TestScopeParsing" time="0.001"/>
  <testcase name="testArgs[a 	:	func(array[3] of int)]" classname="org.antlr.v4.test.tool.TestScopeParsing" time="0.001"/>
  <testcase name="testArgs[x:int, y:float]" classname="org.antlr.v4.test.tool.TestScopeParsing" time="0.001"/>
  <testcase name="testArgs[x:T?, f:func(array[3] of int), y:int]" classname="org.antlr.v4.test.tool.TestScopeParsing" time="0.001"/>
  <testcase name="testArgs[float64 x = 3]" classname="org.antlr.v4.test.tool.TestScopeParsing" time="0.001"/>
  <testcase name="testArgs[map[string]int x]" classname="org.antlr.v4.test.tool.TestScopeParsing" time="0.001"/>
</testsuite>