<?xml version="1.0" encoding="UTF-8"?>
<testsuite name="org.antlr.v4.test.tool.TestLexerActions" time="0.088" tests="14" errors="0" skipped="0" failures="14">
  <properties>
    <property name="java.runtime.name" value="OpenJDK Runtime Environment"/>
    <property name="java.vm.version" value="13.0.2+8"/>
    <property name="sun.boot.library.path" value="/Library/Java/JavaVirtualMachines/adoptopenjdk-13.jdk/Contents/Home/lib"/>
    <property name="maven.multiModuleProjectDirectory" value="/Users/sbacha/antlr4/antlr4-4.9.0-opt"/>
    <property name="java.vm.vendor" value="AdoptOpenJDK"/>
    <property name="java.vendor.url" value="https://adoptopenjdk.net/"/>
    <property name="path.separator" value=":"/>
    <property name="guice.disable.misplaced.annotation.check" value="true"/>
    <property name="java.vm.name" value="OpenJDK 64-Bit Server VM"/>
    <property name="user.country" value="US"/>
    <property name="sun.java.launcher" value="SUN_STANDARD"/>
    <property name="user.dir" value="/Users/sbacha/antlr4/antlr4-4.9.0-opt"/>
    <property name="java.vm.compressedOopsMode" value="Zero based"/>
    <property name="java.vm.specification.name" value="Java Virtual Machine Specification"/>
    <property name="java.runtime.version" value="13.0.2+8"/>
    <property name="os.arch" value="x86_64"/>
    <property name="java.io.tmpdir" value="/var/folders/yr/jljyn54x2_s965_570vvdpqw0000gn/T/"/>
    <property name="line.separator" value="&#10;"/>
    <property name="java.vm.specification.vendor" value="Oracle Corporation"/>
    <property name="os.name" value="Mac OS X"/>
    <property name="classworlds.conf" value="/usr/local/Cellar/maven/3.6.3_1/libexec/bin/m2.conf"/>
    <property name="sun.jnu.encoding" value="UTF-8"/>
    <property name="java.library.path" value="/Users/sbacha/Library/Java/Extensions:/Library/Java/Extensions:/Network/Library/Java/Extensions:/System/Library/Java/Extensions:/usr/lib/java:."/>
    <property name="maven.conf" value="/usr/local/Cellar/maven/3.6.3_1/libexec/conf"/>
    <property name="jdk.debug" value="release"/>
    <property name="java.class.version" value="57.0"/>
    <property name="java.specification.name" value="Java Platform API Specification"/>
    <property name="sun.management.compiler" value="HotSpot 64-Bit Tiered Compilers"/>
    <property name="os.version" value="10.15.5"/>
    <property name="http.nonProxyHosts" value="local, 169.254/16|*.local, 169.254/16"/>
    <property name="library.jansi.path" value="/usr/local/Cellar/maven/3.6.3_1/libexec/lib/jansi-native"/>
    <property name="user.home" value="/Users/sbacha"/>
    <property name="user.timezone" value="America/Los_Angeles"/>
    <property name="file.encoding" value="UTF-8"/>
    <property name="java.specification.version" value="13"/>
    <property name="user.name" value="sbacha"/>
    <property name="java.class.path" value="/usr/local/Cellar/maven/3.6.3_1/libexec/boot/plexus-classworlds-2.6.0.jar"/>
    <property name="java.vm.specification.version" value="13"/>
    <property name="sun.arch.data.model" value="64"/>
    <property name="sun.java.command" value="org.codehaus.plexus.classworlds.launcher.Launcher clean package"/>
    <property name="java.home" value="/Library/Java/JavaVirtualMachines/adoptopenjdk-13.jdk/Contents/Home"/>
    <property name="user.language" value="en"/>
    <property name="java.specification.vendor" value="Oracle Corporation"/>
    <property name="java.vm.info" value="mixed mode, sharing"/>
    <property name="java.version" value="13.0.2"/>
    <property name="java.vendor" value="AdoptOpenJDK"/>
    <property name="maven.home" value="/usr/local/Cellar/maven/3.6.3_1/libexec"/>
    <property name="file.separator" value="/"/>
    <property name="java.version.date" value="2020-01-14"/>
    <property name="java.vendor.url.bug" value="https://github.com/AdoptOpenJDK/openjdk-support/issues"/>
    <property name="sun.cpu.endian" value="little"/>
    <property name="sun.io.unicode.encoding" value="UnicodeBig"/>
    <property name="sun.font.fontmanager" value="sun.font.CFontManager"/>
    <property name="java.vendor.version" value="AdoptOpenJDK"/>
    <property name="socksNonProxyHosts" value="local, 169.254/16|*.local, 169.254/16"/>
    <property name="ftp.nonProxyHosts" value="local, 169.254/16|*.local, 169.254/16"/>
  </properties>
  <testcase name="testSkipCommand" classname="org.antlr.v4.test.tool.TestLexerActions" time="0.005">
    <failure type="java.lang.AssertionError:">java.lang.AssertionError: null
	at org.junit.Assert.fail(Assert.java:87)
	at org.junit.Assert.assertTrue(Assert.java:42)
	at org.junit.Assert.assertTrue(Assert.java:53)
	at org.antlr.v4.test.tool.BaseTest.execLexer(BaseTest.java:629)
	at org.antlr.v4.test.tool.BaseTest.execLexer(BaseTest.java:616)
	at org.antlr.v4.test.tool.TestLexerActions.testSkipCommand(TestLexerActions.java:148)
</failure>
    <system-out><![CDATA[dir /var/folders/yr/jljyn54x2_s965_570vvdpqw0000gn/T/TestLexerActions-1615276649264
]]></system-out>
    <system-err><![CDATA[error: Source option 6 is no longer supported. Use 7 or later.
error: Target option 6 is no longer supported. Use 7 or later.
]]></system-err>
  </testcase>
  <testcase name="testMoreCommand" classname="org.antlr.v4.test.tool.TestLexerActions" time="0.01">
    <failure type="java.lang.AssertionError:">java.lang.AssertionError: null
	at org.junit.Assert.fail(Assert.java:87)
	at org.junit.Assert.assertTrue(Assert.java:42)
	at org.junit.Assert.assertTrue(Assert.java:53)
	at org.antlr.v4.test.tool.BaseTest.execLexer(BaseTest.java:629)
	at org.antlr.v4.test.tool.BaseTest.execLexer(BaseTest.java:616)
	at org.antlr.v4.test.tool.TestLexerActions.testMoreCommand(TestLexerActions.java:163)
</failure>
    <system-out><![CDATA[dir /var/folders/yr/jljyn54x2_s965_570vvdpqw0000gn/T/TestLexerActions-1615276649270
]]></system-out>
    <system-err><![CDATA[error: Source option 6 is no longer supported. Use 7 or later.
error: Target option 6 is no longer supported. Use 7 or later.
]]></system-err>
  </testcase>
  <testcase name="testLexerModeAction" classname="org.antlr.v4.test.tool.TestLexerActions" time="0.006">
    <failure type="java.lang.AssertionError:">java.lang.AssertionError: null
	at org.junit.Assert.fail(Assert.java:87)
	at org.junit.Assert.assertTrue(Assert.java:42)
	at org.junit.Assert.assertTrue(Assert.java:53)
	at org.antlr.v4.test.tool.BaseTest.execLexer(BaseTest.java:629)
	at org.antlr.v4.test.tool.BaseTest.execLexer(BaseTest.java:616)
	at org.antlr.v4.test.tool.TestLexerActions.testLexerModeAction(TestLexerActions.java:242)
</failure>
    <system-out><![CDATA[dir /var/folders/yr/jljyn54x2_s965_570vvdpqw0000gn/T/TestLexerActions-1615276649280
]]></system-out>
    <system-err><![CDATA[error: Source option 6 is no longer supported. Use 7 or later.
error: Target option 6 is no longer supported. Use 7 or later.
]]></system-err>
  </testcase>
  <testcase name="testCombinedCommand" classname="org.antlr.v4.test.tool.TestLexerActions" time="0.007">
    <failure type="java.lang.AssertionError:">java.lang.AssertionError: null
	at org.junit.Assert.fail(Assert.java:87)
	at org.junit.Assert.assertTrue(Assert.java:42)
	at org.junit.Assert.assertTrue(Assert.java:53)
	at org.antlr.v4.test.tool.BaseTest.execLexer(BaseTest.java:629)
	at org.antlr.v4.test.tool.BaseTest.execLexer(BaseTest.java:616)
	at org.antlr.v4.test.tool.TestLexerActions.testCombinedCommand(TestLexerActions.java:192)
</failure>
    <system-out><![CDATA[dir /var/folders/yr/jljyn54x2_s965_570vvdpqw0000gn/T/TestLexerActions-1615276649286
]]></system-out>
    <system-err><![CDATA[antlr reports warnings from [-o, /var/folders/yr/jljyn54x2_s965_570vvdpqw0000gn/T/TestLexerActions-1615276649286, -lib, /var/folders/yr/jljyn54x2_s965_570vvdpqw0000gn/T/TestLexerActions-1615276649286, -encoding, UTF-8, /var/folders/yr/jljyn54x2_s965_570vvdpqw0000gn/T/TestLexerActions-1615276649286/L.g4]
Message{errorType=INCOMPATIBLE_COMMANDS, args=[type, skip], e=null, fileName='/var/folders/yr/jljyn54x2_s965_570vvdpqw0000gn/T/TestLexerActions-1615276649286/L.g4', line=3, charPosition=25}
Message{errorType=INCOMPATIBLE_COMMANDS, args=[skip, more], e=null, fileName='/var/folders/yr/jljyn54x2_s965_570vvdpqw0000gn/T/TestLexerActions-1615276649286/L.g4', line=3, charPosition=31}
antlr reports warnings from [-o, /var/folders/yr/jljyn54x2_s965_570vvdpqw0000gn/T/TestLexerActions-1615276649286, -lib, /var/folders/yr/jljyn54x2_s965_570vvdpqw0000gn/T/TestLexerActions-1615276649286, -encoding, UTF-8, /var/folders/yr/jljyn54x2_s965_570vvdpqw0000gn/T/TestLexerActions-1615276649286/L.g4]
Message{errorType=INCOMPATIBLE_COMMANDS, args=[type, skip], e=null, fileName='/var/folders/yr/jljyn54x2_s965_570vvdpqw0000gn/T/TestLexerActions-1615276649286/L.g4', line=3, charPosition=25}
Message{errorType=INCOMPATIBLE_COMMANDS, args=[skip, more], e=null, fileName='/var/folders/yr/jljyn54x2_s965_570vvdpqw0000gn/T/TestLexerActions-1615276649286/L.g4', line=3, charPosition=31}
error: Source option 6 is no longer supported. Use 7 or later.
error: Target option 6 is no longer supported. Use 7 or later.
]]></system-err>
  </testcase>
  <testcase name="testActionPlusCommand" classname="org.antlr.v4.test.tool.TestLexerActions" time="0.007">
    <failure type="java.lang.AssertionError:">java.lang.AssertionError: null
	at org.junit.Assert.fail(Assert.java:87)
	at org.junit.Assert.assertTrue(Assert.java:42)
	at org.junit.Assert.assertTrue(Assert.java:53)
	at org.antlr.v4.test.tool.BaseTest.execLexer(BaseTest.java:629)
	at org.antlr.v4.test.tool.BaseTest.execLexer(BaseTest.java:616)
	at org.antlr.v4.test.tool.TestLexerActions.testActionPlusCommand(TestLexerActions.java:133)
</failure>
    <system-out><![CDATA[dir /var/folders/yr/jljyn54x2_s965_570vvdpqw0000gn/T/TestLexerActions-1615276649293
]]></system-out>
    <system-err><![CDATA[error: Source option 6 is no longer supported. Use 7 or later.
error: Target option 6 is no longer supported. Use 7 or later.
]]></system-err>
  </testcase>
  <testcase name="test2ActionsIn1Rule" classname="org.antlr.v4.test.tool.TestLexerActions" time="0.005">
    <failure type="java.lang.AssertionError:">java.lang.AssertionError: null
	at org.junit.Assert.fail(Assert.java:87)
	at org.junit.Assert.assertTrue(Assert.java:42)
	at org.junit.Assert.assertTrue(Assert.java:53)
	at org.antlr.v4.test.tool.BaseTest.execLexer(BaseTest.java:629)
	at org.antlr.v4.test.tool.BaseTest.execLexer(BaseTest.java:616)
	at org.antlr.v4.test.tool.TestLexerActions.test2ActionsIn1Rule(TestLexerActions.java:97)
</failure>
    <system-out><![CDATA[dir /var/folders/yr/jljyn54x2_s965_570vvdpqw0000gn/T/TestLexerActions-1615276649300
]]></system-out>
    <system-err><![CDATA[error: Source option 6 is no longer supported. Use 7 or later.
error: Target option 6 is no longer supported. Use 7 or later.
]]></system-err>
  </testcase>
  <testcase name="testEvalMultipleActions" classname="org.antlr.v4.test.tool.TestLexerActions" time="0.006">
    <failure type="java.lang.AssertionError:">java.lang.AssertionError: null
	at org.junit.Assert.fail(Assert.java:87)
	at org.junit.Assert.assertTrue(Assert.java:42)
	at org.junit.Assert.assertTrue(Assert.java:53)
	at org.antlr.v4.test.tool.BaseTest.execLexer(BaseTest.java:629)
	at org.antlr.v4.test.tool.BaseTest.execLexer(BaseTest.java:616)
	at org.antlr.v4.test.tool.TestLexerActions.testEvalMultipleActions(TestLexerActions.java:81)
</failure>
    <system-out><![CDATA[dir /var/folders/yr/jljyn54x2_s965_570vvdpqw0000gn/T/TestLexerActions-1615276649305
]]></system-out>
    <system-err><![CDATA[error: Source option 6 is no longer supported. Use 7 or later.
error: Target option 6 is no longer supported. Use 7 or later.
]]></system-err>
  </testcase>
  <testcase name="testLexerPushPopModeAction" classname="org.antlr.v4.test.tool.TestLexerActions" time="0.007">
    <failure type="java.lang.AssertionError:">java.lang.AssertionError: null
	at org.junit.Assert.fail(Assert.java:87)
	at org.junit.Assert.assertTrue(Assert.java:42)
	at org.junit.Assert.assertTrue(Assert.java:53)
	at org.antlr.v4.test.tool.BaseTest.execLexer(BaseTest.java:629)
	at org.antlr.v4.test.tool.BaseTest.execLexer(BaseTest.java:616)
	at org.antlr.v4.test.tool.TestLexerActions.testLexerPushPopModeAction(TestLexerActions.java:226)
</failure>
    <system-out><![CDATA[dir /var/folders/yr/jljyn54x2_s965_570vvdpqw0000gn/T/TestLexerActions-1615276649312
]]></system-out>
    <system-err><![CDATA[error: Source option 6 is no longer supported. Use 7 or later.
error: Target option 6 is no longer supported. Use 7 or later.
]]></system-err>
  </testcase>
  <testcase name="testFailingPredicateEvalIsNotCached" classname="org.antlr.v4.test.tool.TestLexerActions" time="0.006">
    <failure type="java.lang.AssertionError:">java.lang.AssertionError: null
	at org.junit.Assert.fail(Assert.java:87)
	at org.junit.Assert.assertTrue(Assert.java:42)
	at org.junit.Assert.assertTrue(Assert.java:53)
	at org.antlr.v4.test.tool.BaseTest.execLexer(BaseTest.java:629)
	at org.antlr.v4.test.tool.BaseTest.execLexer(BaseTest.java:616)
	at org.antlr.v4.test.tool.TestLexerActions.testFailingPredicateEvalIsNotCached(TestLexerActions.java:277)
</failure>
    <system-out><![CDATA[dir /var/folders/yr/jljyn54x2_s965_570vvdpqw0000gn/T/TestLexerActions-1615276649319
]]></system-out>
    <system-err><![CDATA[error: Source option 6 is no longer supported. Use 7 or later.
error: Target option 6 is no longer supported. Use 7 or later.
]]></system-err>
  </testcase>
  <testcase name="testActionExecutedInDFA" classname="org.antlr.v4.test.tool.TestLexerActions" time="0.007">
    <failure type="java.lang.AssertionError:">java.lang.AssertionError: null
	at org.junit.Assert.fail(Assert.java:87)
	at org.junit.Assert.assertTrue(Assert.java:42)
	at org.junit.Assert.assertTrue(Assert.java:53)
	at org.antlr.v4.test.tool.BaseTest.execLexer(BaseTest.java:629)
	at org.antlr.v4.test.tool.BaseTest.execLexer(BaseTest.java:616)
	at org.antlr.v4.test.tool.TestLexerActions.testActionExecutedInDFA(TestLexerActions.java:21)
</failure>
    <system-out><![CDATA[dir /var/folders/yr/jljyn54x2_s965_570vvdpqw0000gn/T/TestLexerActions-1615276649325
]]></system-out>
    <system-err><![CDATA[error: Source option 6 is no longer supported. Use 7 or later.
error: Target option 6 is no longer supported. Use 7 or later.
]]></system-err>
  </testcase>
  <testcase name="testAltActionsIn1Rule" classname="org.antlr.v4.test.tool.TestLexerActions" time="0.007">
    <failure type="java.lang.AssertionError:">java.lang.AssertionError: null
	at org.junit.Assert.fail(Assert.java:87)
	at org.junit.Assert.assertTrue(Assert.java:42)
	at org.junit.Assert.assertTrue(Assert.java:53)
	at org.antlr.v4.test.tool.BaseTest.execLexer(BaseTest.java:629)
	at org.antlr.v4.test.tool.BaseTest.execLexer(BaseTest.java:616)
	at org.antlr.v4.test.tool.TestLexerActions.testAltActionsIn1Rule(TestLexerActions.java:118)
</failure>
    <system-out><![CDATA[dir /var/folders/yr/jljyn54x2_s965_570vvdpqw0000gn/T/TestLexerActions-1615276649332
]]></system-out>
    <system-err><![CDATA[error: Source option 6 is no longer supported. Use 7 or later.
error: Target option 6 is no longer supported. Use 7 or later.
]]></system-err>
  </testcase>
  <testcase name="testLexerMode" classname="org.antlr.v4.test.tool.TestLexerActions" time="0.005">
    <failure type="java.lang.AssertionError:">java.lang.AssertionError: null
	at org.junit.Assert.fail(Assert.java:87)
	at org.junit.Assert.assertTrue(Assert.java:42)
	at org.junit.Assert.assertTrue(Assert.java:53)
	at org.antlr.v4.test.tool.BaseTest.execLexer(BaseTest.java:629)
	at org.antlr.v4.test.tool.BaseTest.execLexer(BaseTest.java:616)
	at org.antlr.v4.test.tool.TestLexerActions.testLexerMode(TestLexerActions.java:210)
</failure>
    <system-out><![CDATA[dir /var/folders/yr/jljyn54x2_s965_570vvdpqw0000gn/T/TestLexerActions-1615276649339
]]></system-out>
    <system-err><![CDATA[error: Source option 6 is no longer supported. Use 7 or later.
error: Target option 6 is no longer supported. Use 7 or later.
]]></system-err>
  </testcase>
  <testcase name="testTypeCommand" classname="org.antlr.v4.test.tool.TestLexerActions" time="0.005">
    <failure type="java.lang.AssertionError:">java.lang.AssertionError: null
	at org.junit.Assert.fail(Assert.java:87)
	at org.junit.Assert.assertTrue(Assert.java:42)
	at org.junit.Assert.assertTrue(Assert.java:53)
	at org.antlr.v4.test.tool.BaseTest.execLexer(BaseTest.java:629)
	at org.antlr.v4.test.tool.BaseTest.execLexer(BaseTest.java:616)
	at org.antlr.v4.test.tool.TestLexerActions.testTypeCommand(TestLexerActions.java:178)
</failure>
    <system-out><![CDATA[dir /var/folders/yr/jljyn54x2_s965_570vvdpqw0000gn/T/TestLexerActions-1615276649345
]]></system-out>
    <system-err><![CDATA[error: Source option 6 is no longer supported. Use 7 or later.
error: Target option 6 is no longer supported. Use 7 or later.
]]></system-err>
  </testcase>
  <testcase name="testActionEvalsAtCorrectIndex" classname="org.antlr.v4.test.tool.TestLexerActions" time="0.005">
    <failure type="java.lang.AssertionError:">java.lang.AssertionError: null
	at org.junit.Assert.fail(Assert.java:87)
	at org.junit.Assert.assertTrue(Assert.java:42)
	at org.junit.Assert.assertTrue(Assert.java:53)
	at org.antlr.v4.test.tool.BaseTest.execLexer(BaseTest.java:629)
	at org.antlr.v4.test.tool.BaseTest.execLexer(BaseTest.java:616)
	at org.antlr.v4.test.tool.TestLexerActions.testActionEvalsAtCorrectIndex(TestLexerActions.java:36)
</failure>
    <system-out><![CDATA[dir /var/folders/yr/jljyn54x2_s965_570vvdpqw0000gn/T/TestLexerActions-1615276649350
]]></system-out>
    <system-err><![CDATA[error: Source option 6 is no longer supported. Use 7 or later.
error: Target option 6 is no longer supported. Use 7 or later.
]]></system-err>
  </testcase>
</testsuite>